  [1m[35m (852.9ms)[0m  [1m[35mCREATE DATABASE "tasks_development" ENCODING = 'unicode'[0m
  ↳ bin/rails:4
  [1m[35m (1.0ms)[0m  [1m[35mCREATE DATABASE "tasks_development" ENCODING = 'unicode'[0m
  ↳ bin/rails:4
  [1m[35m (719.7ms)[0m  [1m[35mCREATE DATABASE "tasks_development" ENCODING = 'unicode'[0m
  ↳ bin/rails:4
  [1m[35m (721.7ms)[0m  [1m[35mCREATE DATABASE "tasks_development" ENCODING = 'unicode'[0m
  ↳ bin/rails:4
  [1m[35m (743.3ms)[0m  [1m[35mCREATE DATABASE "tasks_development" ENCODING = 'unicode'[0m
  ↳ bin/rails:4
  [1m[35m (23.9ms)[0m  [1m[35mCREATE TABLE "schema_migrations" ("version" character varying NOT NULL PRIMARY KEY)[0m
  ↳ bin/rails:4
  [1m[35m (18.1ms)[0m  [1m[35mCREATE TABLE "ar_internal_metadata" ("key" character varying NOT NULL PRIMARY KEY, "value" character varying, "created_at" timestamp NOT NULL, "updated_at" timestamp NOT NULL)[0m
  ↳ bin/rails:4
  [1m[35m (0.5ms)[0m  [1m[34mSELECT pg_try_advisory_lock(4383706967230150875)[0m
  ↳ bin/rails:4
  [1m[35m (0.8ms)[0m  [1m[34mSELECT "schema_migrations"."version" FROM "schema_migrations" ORDER BY "schema_migrations"."version" ASC[0m
  ↳ bin/rails:4
Migrating to CreateTasks (20190502193553)
  [1m[35m (0.5ms)[0m  [1m[35mBEGIN[0m
  ↳ bin/rails:4
  [1m[35m (19.3ms)[0m  [1m[35mCREATE TABLE "tasks" ("id" bigserial primary key, "title" character varying, "done" boolean, "created_at" timestamp NOT NULL, "updated_at" timestamp NOT NULL)[0m
  ↳ db/migrate/20190502193553_create_tasks.rb:3
  [1m[36mActiveRecord::SchemaMigration Create (0.8ms)[0m  [1m[32mINSERT INTO "schema_migrations" ("version") VALUES ($1) RETURNING "version"[0m  [["version", "20190502193553"]]
  ↳ bin/rails:4
  [1m[35m (3.3ms)[0m  [1m[35mCOMMIT[0m
  ↳ bin/rails:4
  [1m[36mActiveRecord::InternalMetadata Load (0.5ms)[0m  [1m[34mSELECT  "ar_internal_metadata".* FROM "ar_internal_metadata" WHERE "ar_internal_metadata"."key" = $1 LIMIT $2[0m  [["key", "environment"], ["LIMIT", 1]]
  ↳ bin/rails:4
  [1m[35m (0.5ms)[0m  [1m[35mBEGIN[0m
  ↳ bin/rails:4
  [1m[36mActiveRecord::InternalMetadata Create (0.7ms)[0m  [1m[32mINSERT INTO "ar_internal_metadata" ("key", "value", "created_at", "updated_at") VALUES ($1, $2, $3, $4) RETURNING "key"[0m  [["key", "environment"], ["value", "development"], ["created_at", "2019-05-02 19:56:45.583763"], ["updated_at", "2019-05-02 19:56:45.583763"]]
  ↳ bin/rails:4
  [1m[35m (3.3ms)[0m  [1m[35mCOMMIT[0m
  ↳ bin/rails:4
  [1m[35m (0.6ms)[0m  [1m[34mSELECT pg_advisory_unlock(4383706967230150875)[0m
  ↳ bin/rails:4
  [1m[35m (0.6ms)[0m  [1m[34mSELECT "schema_migrations"."version" FROM "schema_migrations" ORDER BY "schema_migrations"."version" ASC[0m
  ↳ bin/rails:4
  [1m[35m (711.5ms)[0m  [1m[35mCREATE DATABASE "tasks_development" ENCODING = 'unicode'[0m
  ↳ bin/rails:4
  [1m[35m (1.0ms)[0m  [1m[35mCREATE DATABASE "tasks_development" ENCODING = 'unicode'[0m
  ↳ bin/rails:4
  [1m[35m (23.9ms)[0m  [1m[35mCREATE TABLE "schema_migrations" ("version" character varying NOT NULL PRIMARY KEY)[0m
  ↳ bin/rails:4
  [1m[35m (19.1ms)[0m  [1m[35mCREATE TABLE "ar_internal_metadata" ("key" character varying NOT NULL PRIMARY KEY, "value" character varying, "created_at" timestamp NOT NULL, "updated_at" timestamp NOT NULL)[0m
  ↳ bin/rails:4
  [1m[35m (0.5ms)[0m  [1m[34mSELECT pg_try_advisory_lock(4383706967230150875)[0m
  ↳ bin/rails:4
  [1m[35m (0.8ms)[0m  [1m[34mSELECT "schema_migrations"."version" FROM "schema_migrations" ORDER BY "schema_migrations"."version" ASC[0m
  ↳ bin/rails:4
Migrating to CreateTasks (20190502193553)
  [1m[35m (0.5ms)[0m  [1m[35mBEGIN[0m
  ↳ bin/rails:4
  [1m[35m (16.9ms)[0m  [1m[35mCREATE TABLE "tasks" ("id" bigserial primary key, "title" character varying, "done" boolean, "created_at" timestamp NOT NULL, "updated_at" timestamp NOT NULL)[0m
  ↳ db/migrate/20190502193553_create_tasks.rb:3
  [1m[36mActiveRecord::SchemaMigration Create (0.7ms)[0m  [1m[32mINSERT INTO "schema_migrations" ("version") VALUES ($1) RETURNING "version"[0m  [["version", "20190502193553"]]
  ↳ bin/rails:4
  [1m[35m (4.6ms)[0m  [1m[35mCOMMIT[0m
  ↳ bin/rails:4
  [1m[36mActiveRecord::InternalMetadata Load (0.6ms)[0m  [1m[34mSELECT  "ar_internal_metadata".* FROM "ar_internal_metadata" WHERE "ar_internal_metadata"."key" = $1 LIMIT $2[0m  [["key", "environment"], ["LIMIT", 1]]
  ↳ bin/rails:4
  [1m[35m (0.5ms)[0m  [1m[35mBEGIN[0m
  ↳ bin/rails:4
  [1m[36mActiveRecord::InternalMetadata Create (0.7ms)[0m  [1m[32mINSERT INTO "ar_internal_metadata" ("key", "value", "created_at", "updated_at") VALUES ($1, $2, $3, $4) RETURNING "key"[0m  [["key", "environment"], ["value", "development"], ["created_at", "2019-05-02 19:57:31.935926"], ["updated_at", "2019-05-02 19:57:31.935926"]]
  ↳ bin/rails:4
  [1m[35m (3.3ms)[0m  [1m[35mCOMMIT[0m
  ↳ bin/rails:4
  [1m[35m (0.7ms)[0m  [1m[34mSELECT pg_advisory_unlock(4383706967230150875)[0m
  ↳ bin/rails:4
  [1m[35m (0.5ms)[0m  [1m[34mSELECT "schema_migrations"."version" FROM "schema_migrations" ORDER BY "schema_migrations"."version" ASC[0m
  ↳ bin/rails:4
  [1m[35m (1.0ms)[0m  [1m[34mSELECT "schema_migrations"."version" FROM "schema_migrations" ORDER BY "schema_migrations"."version" ASC[0m
  ↳ bin/rails:4
  [1m[35m (0.5ms)[0m  [1m[35mBEGIN[0m
  ↳ db/seeds.rb:8
  [1m[36mTask Create (1.1ms)[0m  [1m[32mINSERT INTO "tasks" ("title", "done", "created_at", "updated_at") VALUES ($1, $2, $3, $4) RETURNING "id"[0m  [["title", "Ler os artigo do OneBitCode sobre React"], ["done", false], ["created_at", "2019-05-02 20:00:17.673699"], ["updated_at", "2019-05-02 20:00:17.673699"]]
  ↳ db/seeds.rb:8
  [1m[35m (6.6ms)[0m  [1m[35mCOMMIT[0m
  ↳ db/seeds.rb:8
  [1m[35m (0.4ms)[0m  [1m[35mBEGIN[0m
  ↳ db/seeds.rb:9
  [1m[36mTask Create (0.5ms)[0m  [1m[32mINSERT INTO "tasks" ("title", "done", "created_at", "updated_at") VALUES ($1, $2, $3, $4) RETURNING "id"[0m  [["title", "Participar da Semana Super Full Stack (29/04 - 05/05)"], ["done", false], ["created_at", "2019-05-02 20:00:17.683563"], ["updated_at", "2019-05-02 20:00:17.683563"]]
  ↳ db/seeds.rb:9
  [1m[35m (3.3ms)[0m  [1m[35mCOMMIT[0m
  ↳ db/seeds.rb:9
  [1m[35m (0.4ms)[0m  [1m[35mBEGIN[0m
  ↳ db/seeds.rb:10
  [1m[36mTask Create (0.6ms)[0m  [1m[32mINSERT INTO "tasks" ("title", "done", "created_at", "updated_at") VALUES ($1, $2, $3, $4) RETURNING "id"[0m  [["title", "Se inscrever na newsletter para receber vagas"], ["done", false], ["created_at", "2019-05-02 20:00:17.689187"], ["updated_at", "2019-05-02 20:00:17.689187"]]
  ↳ db/seeds.rb:10
  [1m[35m (3.4ms)[0m  [1m[35mCOMMIT[0m
  ↳ db/seeds.rb:10
  [1m[35m (0.4ms)[0m  [1m[35mBEGIN[0m
  ↳ db/seeds.rb:11
  [1m[36mTask Create (0.5ms)[0m  [1m[32mINSERT INTO "tasks" ("title", "done", "created_at", "updated_at") VALUES ($1, $2, $3, $4) RETURNING "id"[0m  [["title", "Curtir a página do OneBitCode no Facebook"], ["done", false], ["created_at", "2019-05-02 20:00:17.694864"], ["updated_at", "2019-05-02 20:00:17.694864"]]
  ↳ db/seeds.rb:11
  [1m[35m (3.2ms)[0m  [1m[35mCOMMIT[0m
  ↳ db/seeds.rb:11
  [1m[35m (0.4ms)[0m  [1m[35mBEGIN[0m
  ↳ db/seeds.rb:12
  [1m[36mTask Create (0.6ms)[0m  [1m[32mINSERT INTO "tasks" ("title", "done", "created_at", "updated_at") VALUES ($1, $2, $3, $4) RETURNING "id"[0m  [["title", "Se inscrever no canal do Youtube do OneBitCode"], ["done", false], ["created_at", "2019-05-02 20:00:17.700334"], ["updated_at", "2019-05-02 20:00:17.700334"]]
  ↳ db/seeds.rb:12
  [1m[35m (3.3ms)[0m  [1m[35mCOMMIT[0m
  ↳ db/seeds.rb:12
  [1m[35m (0.5ms)[0m  [1m[35mBEGIN[0m
  ↳ db/seeds.rb:13
  [1m[36mTask Create (0.6ms)[0m  [1m[32mINSERT INTO "tasks" ("title", "done", "created_at", "updated_at") VALUES ($1, $2, $3, $4) RETURNING "id"[0m  [["title", "Finalizar esse Artigo para melhorar minhas habilidades"], ["done", false], ["created_at", "2019-05-02 20:00:17.706123"], ["updated_at", "2019-05-02 20:00:17.706123"]]
  ↳ db/seeds.rb:13
  [1m[35m (3.2ms)[0m  [1m[35mCOMMIT[0m
  ↳ db/seeds.rb:13
  [1m[35m (0.4ms)[0m  [1m[35mBEGIN[0m
  ↳ db/seeds.rb:14
  [1m[36mTask Create (0.6ms)[0m  [1m[32mINSERT INTO "tasks" ("title", "done", "created_at", "updated_at") VALUES ($1, $2, $3, $4) RETURNING "id"[0m  [["title", "Estudar Ruby On Rails"], ["done", true], ["created_at", "2019-05-02 20:00:17.711689"], ["updated_at", "2019-05-02 20:00:17.711689"]]
  ↳ db/seeds.rb:14
  [1m[35m (3.3ms)[0m  [1m[35mCOMMIT[0m
  ↳ db/seeds.rb:14
  [1m[35m (0.4ms)[0m  [1m[35mBEGIN[0m
  ↳ db/seeds.rb:15
  [1m[36mTask Create (0.5ms)[0m  [1m[32mINSERT INTO "tasks" ("title", "done", "created_at", "updated_at") VALUES ($1, $2, $3, $4) RETURNING "id"[0m  [["title", "Estudar React"], ["done", true], ["created_at", "2019-05-02 20:00:17.717239"], ["updated_at", "2019-05-02 20:00:17.717239"]]
  ↳ db/seeds.rb:15
  [1m[35m (3.0ms)[0m  [1m[35mCOMMIT[0m
  ↳ db/seeds.rb:15
Started GET "/tasks" for ::1 at 2019-05-02 17:03:44 -0300
  [1m[35m (1.1ms)[0m  [1m[34mSELECT "schema_migrations"."version" FROM "schema_migrations" ORDER BY "schema_migrations"."version" ASC[0m
  ↳ C:/Ruby26-x64/lib/ruby/gems/2.6.0/gems/activerecord-5.2.3/lib/active_record/log_subscriber.rb:98
Processing by TasksController#index as */*
  Parameters: {"id_categoria"=>"3", "id_fornecedor"=>"2", "nomeProduto"=>"Tijolo", "descricaoProduto"=>"Tijolos para construção", "valorUnitario"=>"1.2", "quantidade"=>"5000", "quantidadeMinima"=>"100", "task"=>{}}
  [1m[36mTask Load (1.1ms)[0m  [1m[34mSELECT "tasks".* FROM "tasks"[0m
  ↳ app/controllers/tasks_controller.rb:8
Completed 200 OK in 19ms (Views: 14.6ms | ActiveRecord: 7.8ms)


Started GET "/tasks" for ::1 at 2019-05-02 17:03:57 -0300
Processing by TasksController#index as */*
  Parameters: {"id_categoria"=>"3", "id_fornecedor"=>"2", "nomeProduto"=>"Tijolo", "descricaoProduto"=>"Tijolos para construção", "valorUnitario"=>"1.2", "quantidade"=>"5000", "quantidadeMinima"=>"100", "task"=>{}}
  [1m[36mTask Load (0.6ms)[0m  [1m[34mSELECT "tasks".* FROM "tasks"[0m
  ↳ app/controllers/tasks_controller.rb:8
Completed 200 OK in 5ms (Views: 4.5ms | ActiveRecord: 0.6ms)


Started GET "/tasks" for ::1 at 2019-05-02 17:03:58 -0300
Processing by TasksController#index as */*
  Parameters: {"id_categoria"=>"3", "id_fornecedor"=>"2", "nomeProduto"=>"Tijolo", "descricaoProduto"=>"Tijolos para construção", "valorUnitario"=>"1.2", "quantidade"=>"5000", "quantidadeMinima"=>"100", "task"=>{}}
  [1m[36mTask Load (1.7ms)[0m  [1m[34mSELECT "tasks".* FROM "tasks"[0m
  ↳ app/controllers/tasks_controller.rb:8
Completed 200 OK in 10ms (Views: 8.1ms | ActiveRecord: 1.7ms)


Started GET "/tasks" for ::1 at 2019-05-07 01:50:03 -0300
  [1m[35m (3.7ms)[0m  [1m[34mSELECT "schema_migrations"."version" FROM "schema_migrations" ORDER BY "schema_migrations"."version" ASC[0m
  ↳ C:/Ruby26-x64/lib/ruby/gems/2.6.0/gems/activerecord-5.2.3/lib/active_record/log_subscriber.rb:98
Processing by TasksController#index as */*
  [1m[36mTask Load (5.2ms)[0m  [1m[34mSELECT "tasks".* FROM "tasks"[0m
  ↳ app/controllers/tasks_controller.rb:8
Completed 200 OK in 26ms (Views: 12.1ms | ActiveRecord: 10.6ms)


Started GET "/tasks" for ::1 at 2019-05-07 01:52:02 -0300
Processing by TasksController#index as */*
  [1m[36mTask Load (0.5ms)[0m  [1m[34mSELECT "tasks".* FROM "tasks"[0m
  ↳ app/controllers/tasks_controller.rb:8
Completed 200 OK in 4ms (Views: 3.3ms | ActiveRecord: 0.5ms)


Started GET "/tasks" for ::1 at 2019-05-07 01:53:49 -0300
Processing by TasksController#index as */*
  [1m[36mTask Load (0.6ms)[0m  [1m[34mSELECT "tasks".* FROM "tasks"[0m
  ↳ app/controllers/tasks_controller.rb:8
Completed 200 OK in 6ms (Views: 5.6ms | ActiveRecord: 0.6ms)


Started GET "/tasks" for ::1 at 2019-05-07 01:53:51 -0300
Processing by TasksController#index as */*
  [1m[36mTask Load (0.5ms)[0m  [1m[34mSELECT "tasks".* FROM "tasks"[0m
  ↳ app/controllers/tasks_controller.rb:8
Completed 200 OK in 6ms (Views: 5.4ms | ActiveRecord: 0.5ms)


Started GET "/tasks" for ::1 at 2019-05-07 01:54:12 -0300
Processing by TasksController#index as */*
  [1m[36mTask Load (3.5ms)[0m  [1m[34mSELECT "tasks".* FROM "tasks"[0m
  ↳ app/controllers/tasks_controller.rb:8
Completed 200 OK in 7ms (Views: 3.6ms | ActiveRecord: 3.5ms)


Started GET "/tasks" for ::1 at 2019-05-07 01:54:17 -0300
Processing by TasksController#index as */*
  [1m[36mTask Load (0.5ms)[0m  [1m[34mSELECT "tasks".* FROM "tasks"[0m
  ↳ app/controllers/tasks_controller.rb:8
Completed 200 OK in 5ms (Views: 3.8ms | ActiveRecord: 0.5ms)


Started GET "/tasks" for ::1 at 2019-05-07 01:54:27 -0300
Processing by TasksController#index as */*
  [1m[36mTask Load (0.7ms)[0m  [1m[34mSELECT "tasks".* FROM "tasks"[0m
  ↳ app/controllers/tasks_controller.rb:8
Completed 200 OK in 5ms (Views: 4.1ms | ActiveRecord: 0.7ms)


Started GET "/tasks" for ::1 at 2019-05-07 02:03:02 -0300
Processing by TasksController#index as */*
  [1m[36mTask Load (0.7ms)[0m  [1m[34mSELECT "tasks".* FROM "tasks"[0m
  ↳ app/controllers/tasks_controller.rb:8
Completed 200 OK in 12ms (Views: 11.3ms | ActiveRecord: 0.7ms)


Started GET "/tasks" for ::1 at 2019-05-07 02:03:38 -0300
Processing by TasksController#index as */*
  [1m[36mTask Load (0.5ms)[0m  [1m[34mSELECT "tasks".* FROM "tasks"[0m
  ↳ app/controllers/tasks_controller.rb:8
Completed 200 OK in 5ms (Views: 4.0ms | ActiveRecord: 0.5ms)


Started GET "/tasks" for ::1 at 2019-05-07 02:05:22 -0300
Processing by TasksController#index as */*
  [1m[36mTask Load (0.5ms)[0m  [1m[34mSELECT "tasks".* FROM "tasks"[0m
  ↳ app/controllers/tasks_controller.rb:8
Completed 200 OK in 4ms (Views: 3.2ms | ActiveRecord: 0.5ms)


Started GET "/tasks" for ::1 at 2019-05-07 02:05:26 -0300
Processing by TasksController#index as */*
  [1m[36mTask Load (0.5ms)[0m  [1m[34mSELECT "tasks".* FROM "tasks"[0m
  ↳ app/controllers/tasks_controller.rb:8
Completed 200 OK in 6ms (Views: 5.3ms | ActiveRecord: 0.5ms)


Started GET "/tasks" for ::1 at 2019-05-07 02:05:29 -0300
Processing by TasksController#index as */*
  [1m[36mTask Load (0.6ms)[0m  [1m[34mSELECT "tasks".* FROM "tasks"[0m
  ↳ app/controllers/tasks_controller.rb:8
Completed 200 OK in 4ms (Views: 3.5ms | ActiveRecord: 0.6ms)


Started GET "/tasks" for ::1 at 2019-05-07 02:05:50 -0300
Processing by TasksController#index as */*
  [1m[36mTask Load (0.6ms)[0m  [1m[34mSELECT "tasks".* FROM "tasks"[0m
  ↳ app/controllers/tasks_controller.rb:8
Completed 200 OK in 6ms (Views: 5.2ms | ActiveRecord: 0.6ms)


Started DELETE "/tasks/6" for ::1 at 2019-05-07 02:06:16 -0300
Processing by TasksController#destroy as */*
  Parameters: {"id"=>"6"}
  [1m[36mTask Load (0.5ms)[0m  [1m[34mSELECT  "tasks".* FROM "tasks" WHERE "tasks"."id" = $1 LIMIT $2[0m  [["id", 6], ["LIMIT", 1]]
  ↳ app/controllers/tasks_controller.rb:44
  [1m[35m (0.9ms)[0m  [1m[35mBEGIN[0m
  ↳ app/controllers/tasks_controller.rb:38
  [1m[36mTask Destroy (0.6ms)[0m  [1m[31mDELETE FROM "tasks" WHERE "tasks"."id" = $1[0m  [["id", 6]]
  ↳ app/controllers/tasks_controller.rb:38
  [1m[35m (3.7ms)[0m  [1m[35mCOMMIT[0m
  ↳ app/controllers/tasks_controller.rb:38
Completed 204 No Content in 19ms (ActiveRecord: 5.7ms)


Started GET "/tasks" for ::1 at 2019-05-07 02:06:20 -0300
Processing by TasksController#index as */*
  [1m[36mTask Load (0.6ms)[0m  [1m[34mSELECT "tasks".* FROM "tasks"[0m
  ↳ app/controllers/tasks_controller.rb:8
Completed 200 OK in 5ms (Views: 4.4ms | ActiveRecord: 0.6ms)


Started GET "/tasks" for ::1 at 2019-05-07 02:07:18 -0300
Processing by TasksController#index as */*
  [1m[36mTask Load (0.6ms)[0m  [1m[34mSELECT "tasks".* FROM "tasks"[0m
  ↳ app/controllers/tasks_controller.rb:8
Completed 200 OK in 5ms (Views: 4.3ms | ActiveRecord: 0.6ms)


Started DELETE "/tasks/5" for ::1 at 2019-05-07 02:08:56 -0300
Processing by TasksController#destroy as */*
  Parameters: {"id"=>"5"}
  [1m[36mTask Load (0.6ms)[0m  [1m[34mSELECT  "tasks".* FROM "tasks" WHERE "tasks"."id" = $1 LIMIT $2[0m  [["id", 5], ["LIMIT", 1]]
  ↳ app/controllers/tasks_controller.rb:44
  [1m[35m (0.6ms)[0m  [1m[35mBEGIN[0m
  ↳ app/controllers/tasks_controller.rb:38
  [1m[36mTask Destroy (0.8ms)[0m  [1m[31mDELETE FROM "tasks" WHERE "tasks"."id" = $1[0m  [["id", 5]]
  ↳ app/controllers/tasks_controller.rb:38
  [1m[35m (4.0ms)[0m  [1m[35mCOMMIT[0m
  ↳ app/controllers/tasks_controller.rb:38
Completed 204 No Content in 14ms (ActiveRecord: 6.0ms)


Started GET "/tasks" for ::1 at 2019-05-07 02:09:00 -0300
Processing by TasksController#index as */*
  [1m[36mTask Load (0.6ms)[0m  [1m[34mSELECT "tasks".* FROM "tasks"[0m
  ↳ app/controllers/tasks_controller.rb:8
Completed 200 OK in 5ms (Views: 4.1ms | ActiveRecord: 0.6ms)


Started GET "/tasks" for ::1 at 2019-05-07 02:11:59 -0300
Processing by TasksController#index as */*
  [1m[36mTask Load (0.6ms)[0m  [1m[34mSELECT "tasks".* FROM "tasks"[0m
  ↳ app/controllers/tasks_controller.rb:8
Completed 200 OK in 5ms (Views: 3.9ms | ActiveRecord: 0.6ms)


Started GET "/tasks" for ::1 at 2019-05-07 02:12:16 -0300
Processing by TasksController#index as */*
  [1m[36mTask Load (0.6ms)[0m  [1m[34mSELECT "tasks".* FROM "tasks"[0m
  ↳ app/controllers/tasks_controller.rb:8
Completed 200 OK in 6ms (Views: 5.2ms | ActiveRecord: 0.6ms)


Started GET "/tasks" for ::1 at 2019-05-07 02:15:01 -0300
Processing by TasksController#index as */*
  [1m[36mTask Load (0.5ms)[0m  [1m[34mSELECT "tasks".* FROM "tasks"[0m
  ↳ app/controllers/tasks_controller.rb:8
Completed 200 OK in 4ms (Views: 3.0ms | ActiveRecord: 0.5ms)


Started GET "/tasks" for ::1 at 2019-05-07 02:15:31 -0300
Processing by TasksController#index as */*
  [1m[36mTask Load (0.5ms)[0m  [1m[34mSELECT "tasks".* FROM "tasks"[0m
  ↳ app/controllers/tasks_controller.rb:8
Completed 200 OK in 4ms (Views: 3.7ms | ActiveRecord: 0.5ms)


Started GET "/tasks" for ::1 at 2019-05-07 02:15:50 -0300
Processing by TasksController#index as */*
  [1m[36mTask Load (0.7ms)[0m  [1m[34mSELECT "tasks".* FROM "tasks"[0m
  ↳ app/controllers/tasks_controller.rb:8
Completed 200 OK in 5ms (Views: 4.4ms | ActiveRecord: 0.7ms)


Started GET "/tasks" for ::1 at 2019-05-07 02:15:51 -0300
Processing by TasksController#index as */*
  [1m[36mTask Load (0.7ms)[0m  [1m[34mSELECT "tasks".* FROM "tasks"[0m
  ↳ app/controllers/tasks_controller.rb:8
Completed 200 OK in 5ms (Views: 3.6ms | ActiveRecord: 0.7ms)


Started GET "/tasks" for ::1 at 2019-05-07 02:15:53 -0300
Processing by TasksController#index as */*
  [1m[36mTask Load (0.6ms)[0m  [1m[34mSELECT "tasks".* FROM "tasks"[0m
  ↳ app/controllers/tasks_controller.rb:8
Completed 200 OK in 4ms (Views: 3.3ms | ActiveRecord: 0.6ms)


Started GET "/tasks" for ::1 at 2019-05-07 02:15:54 -0300
Processing by TasksController#index as */*
  [1m[36mTask Load (0.8ms)[0m  [1m[34mSELECT "tasks".* FROM "tasks"[0m
  ↳ app/controllers/tasks_controller.rb:8
Completed 200 OK in 5ms (Views: 3.9ms | ActiveRecord: 0.8ms)


Started GET "/tasks" for ::1 at 2019-05-07 02:15:56 -0300
Processing by TasksController#index as */*
  [1m[36mTask Load (0.6ms)[0m  [1m[34mSELECT "tasks".* FROM "tasks"[0m
  ↳ app/controllers/tasks_controller.rb:8
Completed 200 OK in 6ms (Views: 5.1ms | ActiveRecord: 0.6ms)


Started GET "/tasks" for ::1 at 2019-05-07 02:15:57 -0300
Processing by TasksController#index as */*
  [1m[36mTask Load (0.6ms)[0m  [1m[34mSELECT "tasks".* FROM "tasks"[0m
  ↳ app/controllers/tasks_controller.rb:8
Completed 200 OK in 6ms (Views: 5.1ms | ActiveRecord: 0.6ms)


Started GET "/tasks" for ::1 at 2019-05-07 02:17:12 -0300
Processing by TasksController#index as */*
  [1m[36mTask Load (0.6ms)[0m  [1m[34mSELECT "tasks".* FROM "tasks"[0m
  ↳ app/controllers/tasks_controller.rb:8
Completed 200 OK in 4ms (Views: 3.2ms | ActiveRecord: 0.6ms)


Started GET "/tasks" for ::1 at 2019-05-07 02:17:13 -0300
Processing by TasksController#index as */*
  [1m[36mTask Load (0.6ms)[0m  [1m[34mSELECT "tasks".* FROM "tasks"[0m
  ↳ app/controllers/tasks_controller.rb:8
Completed 200 OK in 5ms (Views: 4.7ms | ActiveRecord: 0.6ms)


Started GET "/tasks" for ::1 at 2019-05-07 02:17:14 -0300
Processing by TasksController#index as */*
  [1m[36mTask Load (0.6ms)[0m  [1m[34mSELECT "tasks".* FROM "tasks"[0m
  ↳ app/controllers/tasks_controller.rb:8
Completed 200 OK in 6ms (Views: 4.7ms | ActiveRecord: 0.6ms)


Started GET "/tasks" for ::1 at 2019-05-07 02:17:15 -0300
Processing by TasksController#index as */*
  [1m[36mTask Load (0.6ms)[0m  [1m[34mSELECT "tasks".* FROM "tasks"[0m
  ↳ app/controllers/tasks_controller.rb:8
Completed 200 OK in 4ms (Views: 3.6ms | ActiveRecord: 0.6ms)


Started GET "/tasks" for ::1 at 2019-05-07 02:17:16 -0300
Processing by TasksController#index as */*
  [1m[36mTask Load (0.5ms)[0m  [1m[34mSELECT "tasks".* FROM "tasks"[0m
  ↳ app/controllers/tasks_controller.rb:8
Completed 200 OK in 5ms (Views: 4.6ms | ActiveRecord: 0.5ms)


Started GET "/tasks" for ::1 at 2019-05-07 02:17:45 -0300
Processing by TasksController#index as */*
  [1m[36mTask Load (0.6ms)[0m  [1m[34mSELECT "tasks".* FROM "tasks"[0m
  ↳ app/controllers/tasks_controller.rb:8
Completed 200 OK in 5ms (Views: 4.1ms | ActiveRecord: 0.6ms)


Started GET "/tasks" for ::1 at 2019-05-07 02:17:50 -0300
Processing by TasksController#index as */*
  [1m[36mTask Load (0.6ms)[0m  [1m[34mSELECT "tasks".* FROM "tasks"[0m
  ↳ app/controllers/tasks_controller.rb:8
Completed 200 OK in 4ms (Views: 3.5ms | ActiveRecord: 0.6ms)


Started GET "/tasks" for ::1 at 2019-05-07 02:17:53 -0300
Processing by TasksController#index as */*
  [1m[36mTask Load (0.5ms)[0m  [1m[34mSELECT "tasks".* FROM "tasks"[0m
  ↳ app/controllers/tasks_controller.rb:8
Completed 200 OK in 5ms (Views: 4.8ms | ActiveRecord: 0.5ms)


Started GET "/tasks" for ::1 at 2019-05-07 02:17:57 -0300
Processing by TasksController#index as */*
  [1m[36mTask Load (0.4ms)[0m  [1m[34mSELECT "tasks".* FROM "tasks"[0m
  ↳ app/controllers/tasks_controller.rb:8
Completed 200 OK in 3ms (Views: 2.5ms | ActiveRecord: 0.4ms)


Started GET "/tasks" for ::1 at 2019-05-07 02:17:57 -0300
Processing by TasksController#index as */*
  [1m[36mTask Load (0.6ms)[0m  [1m[34mSELECT "tasks".* FROM "tasks"[0m
  ↳ app/controllers/tasks_controller.rb:8
Completed 200 OK in 6ms (Views: 5.2ms | ActiveRecord: 0.6ms)


Started GET "/tasks" for ::1 at 2019-05-07 02:18:02 -0300
Processing by TasksController#index as */*
  [1m[36mTask Load (0.7ms)[0m  [1m[34mSELECT "tasks".* FROM "tasks"[0m
  ↳ app/controllers/tasks_controller.rb:8
Completed 200 OK in 5ms (Views: 3.9ms | ActiveRecord: 0.7ms)


Started GET "/tasks" for ::1 at 2019-05-07 02:18:03 -0300
Processing by TasksController#index as */*
  [1m[36mTask Load (0.7ms)[0m  [1m[34mSELECT "tasks".* FROM "tasks"[0m
  ↳ app/controllers/tasks_controller.rb:8
Completed 200 OK in 5ms (Views: 4.2ms | ActiveRecord: 0.7ms)


Started GET "/tasks" for ::1 at 2019-05-07 02:18:06 -0300
Processing by TasksController#index as */*
  [1m[36mTask Load (0.5ms)[0m  [1m[34mSELECT "tasks".* FROM "tasks"[0m
  ↳ app/controllers/tasks_controller.rb:8
Completed 200 OK in 5ms (Views: 4.3ms | ActiveRecord: 0.5ms)


Started GET "/tasks" for ::1 at 2019-05-07 02:18:07 -0300
Processing by TasksController#index as */*
  [1m[36mTask Load (0.5ms)[0m  [1m[34mSELECT "tasks".* FROM "tasks"[0m
  ↳ app/controllers/tasks_controller.rb:8
Completed 200 OK in 5ms (Views: 4.0ms | ActiveRecord: 0.5ms)


Started GET "/tasks" for ::1 at 2019-05-07 02:18:08 -0300
Processing by TasksController#index as */*
  [1m[36mTask Load (0.5ms)[0m  [1m[34mSELECT "tasks".* FROM "tasks"[0m
  ↳ app/controllers/tasks_controller.rb:8
Completed 200 OK in 5ms (Views: 3.8ms | ActiveRecord: 0.5ms)


Started GET "/tasks" for ::1 at 2019-05-07 02:18:13 -0300
Processing by TasksController#index as */*
  [1m[36mTask Load (0.6ms)[0m  [1m[34mSELECT "tasks".* FROM "tasks"[0m
  ↳ app/controllers/tasks_controller.rb:8
Completed 200 OK in 5ms (Views: 4.5ms | ActiveRecord: 0.6ms)


Started GET "/tasks" for ::1 at 2019-05-07 02:18:18 -0300
Processing by TasksController#index as */*
  [1m[36mTask Load (0.5ms)[0m  [1m[34mSELECT "tasks".* FROM "tasks"[0m
  ↳ app/controllers/tasks_controller.rb:8
Completed 200 OK in 4ms (Views: 3.5ms | ActiveRecord: 0.5ms)


Started GET "/tasks" for ::1 at 2019-05-07 02:18:31 -0300
Processing by TasksController#index as */*
  [1m[36mTask Load (0.7ms)[0m  [1m[34mSELECT "tasks".* FROM "tasks"[0m
  ↳ app/controllers/tasks_controller.rb:8
Completed 200 OK in 5ms (Views: 4.1ms | ActiveRecord: 0.7ms)


Started GET "/tasks" for ::1 at 2019-05-07 02:18:34 -0300
Processing by TasksController#index as */*
  [1m[36mTask Load (0.5ms)[0m  [1m[34mSELECT "tasks".* FROM "tasks"[0m
  ↳ app/controllers/tasks_controller.rb:8
Completed 200 OK in 3ms (Views: 2.8ms | ActiveRecord: 0.5ms)


Started GET "/tasks" for ::1 at 2019-05-07 02:18:48 -0300
Processing by TasksController#index as */*
  [1m[36mTask Load (0.6ms)[0m  [1m[34mSELECT "tasks".* FROM "tasks"[0m
  ↳ app/controllers/tasks_controller.rb:8
Completed 200 OK in 5ms (Views: 3.9ms | ActiveRecord: 0.6ms)


Started GET "/tasks" for ::1 at 2019-05-07 02:19:03 -0300
Processing by TasksController#index as */*
  [1m[36mTask Load (1.4ms)[0m  [1m[34mSELECT "tasks".* FROM "tasks"[0m
  ↳ app/controllers/tasks_controller.rb:8
Completed 200 OK in 22ms (Views: 20.6ms | ActiveRecord: 1.4ms)


Started GET "/tasks" for ::1 at 2019-05-07 02:19:20 -0300
Processing by TasksController#index as */*
  [1m[36mTask Load (1.0ms)[0m  [1m[34mSELECT "tasks".* FROM "tasks"[0m
  ↳ app/controllers/tasks_controller.rb:8
Completed 200 OK in 8ms (Views: 6.9ms | ActiveRecord: 1.0ms)


Started GET "/tasks" for ::1 at 2019-05-07 02:20:16 -0300
Processing by TasksController#index as */*
  [1m[36mTask Load (0.6ms)[0m  [1m[34mSELECT "tasks".* FROM "tasks"[0m
  ↳ app/controllers/tasks_controller.rb:8
Completed 200 OK in 9ms (Views: 8.4ms | ActiveRecord: 0.6ms)


Started PUT "/tasks/2" for ::1 at 2019-05-07 02:20:17 -0300
Processing by TasksController#update as JSON
  Parameters: {"id"=>"2"}
  [1m[36mTask Load (0.7ms)[0m  [1m[34mSELECT  "tasks".* FROM "tasks" WHERE "tasks"."id" = $1 LIMIT $2[0m  [["id", 2], ["LIMIT", 1]]
  ↳ app/controllers/tasks_controller.rb:44
Completed 400 Bad Request in 4ms (ActiveRecord: 0.7ms)


  
ActionController::ParameterMissing (param is missing or the value is empty: task):
  
app/controllers/tasks_controller.rb:49:in `task_params'
app/controllers/tasks_controller.rb:29:in `update'
Started GET "/tasks" for ::1 at 2019-05-07 02:20:17 -0300
Processing by TasksController#index as */*
  [1m[36mTask Load (0.7ms)[0m  [1m[34mSELECT "tasks".* FROM "tasks"[0m
  ↳ app/controllers/tasks_controller.rb:8
Completed 200 OK in 4ms (Views: 3.2ms | ActiveRecord: 0.7ms)


Started PUT "/tasks/2" for ::1 at 2019-05-07 02:20:24 -0300
Processing by TasksController#update as JSON
  Parameters: {"id"=>"2"}
  [1m[36mTask Load (0.6ms)[0m  [1m[34mSELECT  "tasks".* FROM "tasks" WHERE "tasks"."id" = $1 LIMIT $2[0m  [["id", 2], ["LIMIT", 1]]
  ↳ app/controllers/tasks_controller.rb:44
Completed 400 Bad Request in 3ms (ActiveRecord: 0.6ms)


  
ActionController::ParameterMissing (param is missing or the value is empty: task):
  
app/controllers/tasks_controller.rb:49:in `task_params'
app/controllers/tasks_controller.rb:29:in `update'
Started GET "/tasks" for ::1 at 2019-05-07 02:20:24 -0300
Processing by TasksController#index as */*
  [1m[36mTask Load (0.6ms)[0m  [1m[34mSELECT "tasks".* FROM "tasks"[0m
  ↳ app/controllers/tasks_controller.rb:8
Completed 200 OK in 5ms (Views: 3.9ms | ActiveRecord: 0.6ms)


Started GET "/tasks" for ::1 at 2019-05-07 02:20:54 -0300
Processing by TasksController#index as */*
  [1m[36mTask Load (0.7ms)[0m  [1m[34mSELECT "tasks".* FROM "tasks"[0m
  ↳ app/controllers/tasks_controller.rb:8
Completed 200 OK in 5ms (Views: 4.1ms | ActiveRecord: 0.7ms)


Started GET "/tasks" for ::1 at 2019-05-07 02:21:14 -0300
Processing by TasksController#index as */*
  [1m[36mTask Load (0.6ms)[0m  [1m[34mSELECT "tasks".* FROM "tasks"[0m
  ↳ app/controllers/tasks_controller.rb:8
Completed 200 OK in 4ms (Views: 3.4ms | ActiveRecord: 0.6ms)


Started GET "/tasks" for ::1 at 2019-05-07 02:21:24 -0300
Processing by TasksController#index as */*
  [1m[36mTask Load (0.5ms)[0m  [1m[34mSELECT "tasks".* FROM "tasks"[0m
  ↳ app/controllers/tasks_controller.rb:8
Completed 200 OK in 4ms (Views: 3.6ms | ActiveRecord: 0.5ms)


Started GET "/tasks" for ::1 at 2019-05-07 02:21:33 -0300
Processing by TasksController#index as */*
  [1m[36mTask Load (0.6ms)[0m  [1m[34mSELECT "tasks".* FROM "tasks"[0m
  ↳ app/controllers/tasks_controller.rb:8
Completed 200 OK in 5ms (Views: 3.9ms | ActiveRecord: 0.6ms)


Started GET "/tasks" for ::1 at 2019-05-07 02:21:41 -0300
Processing by TasksController#index as */*
  [1m[36mTask Load (0.9ms)[0m  [1m[34mSELECT "tasks".* FROM "tasks"[0m
  ↳ app/controllers/tasks_controller.rb:8
Completed 200 OK in 16ms (Views: 14.8ms | ActiveRecord: 0.9ms)


Started PUT "/tasks/3" for ::1 at 2019-05-07 02:21:47 -0300
Processing by TasksController#update as JSON
  Parameters: {"id"=>"3"}
  [1m[36mTask Load (0.5ms)[0m  [1m[34mSELECT  "tasks".* FROM "tasks" WHERE "tasks"."id" = $1 LIMIT $2[0m  [["id", 3], ["LIMIT", 1]]
  ↳ app/controllers/tasks_controller.rb:44
Completed 400 Bad Request in 3ms (ActiveRecord: 0.5ms)


  
ActionController::ParameterMissing (param is missing or the value is empty: task):
  
app/controllers/tasks_controller.rb:49:in `task_params'
app/controllers/tasks_controller.rb:29:in `update'
Started GET "/tasks" for ::1 at 2019-05-07 02:21:47 -0300
Processing by TasksController#index as */*
  [1m[36mTask Load (0.6ms)[0m  [1m[34mSELECT "tasks".* FROM "tasks"[0m
  ↳ app/controllers/tasks_controller.rb:8
Completed 200 OK in 5ms (Views: 4.0ms | ActiveRecord: 0.6ms)


Started GET "/tasks" for ::1 at 2019-05-07 02:22:00 -0300
Processing by TasksController#index as */*
  [1m[36mTask Load (0.6ms)[0m  [1m[34mSELECT "tasks".* FROM "tasks"[0m
  ↳ app/controllers/tasks_controller.rb:8
Completed 200 OK in 8ms (Views: 7.3ms | ActiveRecord: 0.6ms)


Started PUT "/tasks/1" for ::1 at 2019-05-07 02:22:04 -0300
Processing by TasksController#update as JSON
  Parameters: {"id"=>"1"}
  [1m[36mTask Load (0.6ms)[0m  [1m[34mSELECT  "tasks".* FROM "tasks" WHERE "tasks"."id" = $1 LIMIT $2[0m  [["id", 1], ["LIMIT", 1]]
  ↳ app/controllers/tasks_controller.rb:44
Completed 400 Bad Request in 3ms (ActiveRecord: 0.6ms)


  
ActionController::ParameterMissing (param is missing or the value is empty: task):
  
app/controllers/tasks_controller.rb:49:in `task_params'
app/controllers/tasks_controller.rb:29:in `update'
Started GET "/tasks" for ::1 at 2019-05-07 02:22:04 -0300
Processing by TasksController#index as */*
  [1m[36mTask Load (0.6ms)[0m  [1m[34mSELECT "tasks".* FROM "tasks"[0m
  ↳ app/controllers/tasks_controller.rb:8
Completed 200 OK in 5ms (Views: 4.1ms | ActiveRecord: 0.6ms)


Started PUT "/tasks/1" for ::1 at 2019-05-07 02:22:05 -0300
Processing by TasksController#update as JSON
  Parameters: {"id"=>"1"}
  [1m[36mTask Load (0.5ms)[0m  [1m[34mSELECT  "tasks".* FROM "tasks" WHERE "tasks"."id" = $1 LIMIT $2[0m  [["id", 1], ["LIMIT", 1]]
  ↳ app/controllers/tasks_controller.rb:44
Completed 400 Bad Request in 3ms (ActiveRecord: 0.5ms)


  
ActionController::ParameterMissing (param is missing or the value is empty: task):
  
app/controllers/tasks_controller.rb:49:in `task_params'
app/controllers/tasks_controller.rb:29:in `update'
Started GET "/tasks" for ::1 at 2019-05-07 02:22:05 -0300
Processing by TasksController#index as */*
  [1m[36mTask Load (0.7ms)[0m  [1m[34mSELECT "tasks".* FROM "tasks"[0m
  ↳ app/controllers/tasks_controller.rb:8
Completed 200 OK in 5ms (Views: 4.4ms | ActiveRecord: 0.7ms)


Started PUT "/tasks/3" for ::1 at 2019-05-07 02:22:36 -0300
Processing by TasksController#update as JSON
  Parameters: {"id"=>"3"}
  [1m[36mTask Load (1.0ms)[0m  [1m[34mSELECT  "tasks".* FROM "tasks" WHERE "tasks"."id" = $1 LIMIT $2[0m  [["id", 3], ["LIMIT", 1]]
  ↳ app/controllers/tasks_controller.rb:44
Completed 400 Bad Request in 4ms (ActiveRecord: 1.0ms)


  
ActionController::ParameterMissing (param is missing or the value is empty: task):
  
app/controllers/tasks_controller.rb:49:in `task_params'
app/controllers/tasks_controller.rb:29:in `update'
Started GET "/tasks" for ::1 at 2019-05-07 02:22:36 -0300
Processing by TasksController#index as */*
  [1m[36mTask Load (0.6ms)[0m  [1m[34mSELECT "tasks".* FROM "tasks"[0m
  ↳ app/controllers/tasks_controller.rb:8
Completed 200 OK in 6ms (Views: 4.9ms | ActiveRecord: 0.6ms)


Started GET "/tasks" for ::1 at 2019-05-07 02:25:03 -0300
Processing by TasksController#index as */*
  [1m[36mTask Load (0.7ms)[0m  [1m[34mSELECT "tasks".* FROM "tasks"[0m
  ↳ app/controllers/tasks_controller.rb:8
Completed 200 OK in 4ms (Views: 2.9ms | ActiveRecord: 0.7ms)


Started GET "/tasks" for ::1 at 2019-05-07 02:25:05 -0300
Processing by TasksController#index as */*
  [1m[36mTask Load (0.5ms)[0m  [1m[34mSELECT "tasks".* FROM "tasks"[0m
  ↳ app/controllers/tasks_controller.rb:8
Completed 200 OK in 7ms (Views: 2.7ms | ActiveRecord: 0.5ms)


Started PUT "/tasks/2" for ::1 at 2019-05-07 02:25:06 -0300
Processing by TasksController#update as JSON
  Parameters: {"id"=>"2"}
  [1m[36mTask Load (0.5ms)[0m  [1m[34mSELECT  "tasks".* FROM "tasks" WHERE "tasks"."id" = $1 LIMIT $2[0m  [["id", 2], ["LIMIT", 1]]
  ↳ app/controllers/tasks_controller.rb:44
Completed 400 Bad Request in 4ms (ActiveRecord: 0.5ms)


  
ActionController::ParameterMissing (param is missing or the value is empty: task):
  
app/controllers/tasks_controller.rb:49:in `task_params'
app/controllers/tasks_controller.rb:29:in `update'
Started GET "/tasks" for ::1 at 2019-05-07 02:25:06 -0300
Processing by TasksController#index as */*
  [1m[36mTask Load (0.6ms)[0m  [1m[34mSELECT "tasks".* FROM "tasks"[0m
  ↳ app/controllers/tasks_controller.rb:8
Completed 200 OK in 4ms (Views: 3.7ms | ActiveRecord: 0.6ms)


Started GET "/tasks" for ::1 at 2019-05-07 15:35:26 -0300
  
PG::ConnectionBad (could not connect to server: Connection timed out (0x0000274C/10060)
	Is the server running on host "192.168.99.100" and accepting
	TCP/IP connections on port 5432?
):
  
pg-1.1.4-x64 (mingw32) lib/pg.rb:56:in `initialize'
pg-1.1.4-x64 (mingw32) lib/pg.rb:56:in `new'
pg-1.1.4-x64 (mingw32) lib/pg.rb:56:in `connect'
activerecord (5.2.3) lib/active_record/connection_adapters/postgresql_adapter.rb:692:in `connect'
activerecord (5.2.3) lib/active_record/connection_adapters/postgresql_adapter.rb:223:in `initialize'
activerecord (5.2.3) lib/active_record/connection_adapters/postgresql_adapter.rb:48:in `new'
activerecord (5.2.3) lib/active_record/connection_adapters/postgresql_adapter.rb:48:in `postgresql_connection'
activerecord (5.2.3) lib/active_record/connection_adapters/abstract/connection_pool.rb:811:in `new_connection'
activerecord (5.2.3) lib/active_record/connection_adapters/abstract/connection_pool.rb:855:in `checkout_new_connection'
activerecord (5.2.3) lib/active_record/connection_adapters/abstract/connection_pool.rb:834:in `try_to_checkout_new_connection'
activerecord (5.2.3) lib/active_record/connection_adapters/abstract/connection_pool.rb:795:in `acquire_connection'
activerecord (5.2.3) lib/active_record/connection_adapters/abstract/connection_pool.rb:523:in `checkout'
activerecord (5.2.3) lib/active_record/connection_adapters/abstract/connection_pool.rb:382:in `connection'
activerecord (5.2.3) lib/active_record/connection_adapters/abstract/connection_pool.rb:1014:in `retrieve_connection'
activerecord (5.2.3) lib/active_record/connection_handling.rb:118:in `retrieve_connection'
activerecord (5.2.3) lib/active_record/connection_handling.rb:90:in `connection'
activerecord (5.2.3) lib/active_record/migration.rb:554:in `call'
actionpack (5.2.3) lib/action_dispatch/middleware/callbacks.rb:28:in `block in call'
activesupport (5.2.3) lib/active_support/callbacks.rb:98:in `run_callbacks'
actionpack (5.2.3) lib/action_dispatch/middleware/callbacks.rb:26:in `call'
actionpack (5.2.3) lib/action_dispatch/middleware/executor.rb:14:in `call'
actionpack (5.2.3) lib/action_dispatch/middleware/debug_exceptions.rb:61:in `call'
actionpack (5.2.3) lib/action_dispatch/middleware/show_exceptions.rb:33:in `call'
railties (5.2.3) lib/rails/rack/logger.rb:38:in `call_app'
railties (5.2.3) lib/rails/rack/logger.rb:26:in `block in call'
activesupport (5.2.3) lib/active_support/tagged_logging.rb:71:in `block in tagged'
activesupport (5.2.3) lib/active_support/tagged_logging.rb:28:in `tagged'
activesupport (5.2.3) lib/active_support/tagged_logging.rb:71:in `tagged'
railties (5.2.3) lib/rails/rack/logger.rb:26:in `call'
actionpack (5.2.3) lib/action_dispatch/middleware/remote_ip.rb:81:in `call'
actionpack (5.2.3) lib/action_dispatch/middleware/request_id.rb:27:in `call'
rack (2.0.7) lib/rack/runtime.rb:22:in `call'
activesupport (5.2.3) lib/active_support/cache/strategy/local_cache_middleware.rb:29:in `call'
actionpack (5.2.3) lib/action_dispatch/middleware/executor.rb:14:in `call'
actionpack (5.2.3) lib/action_dispatch/middleware/static.rb:127:in `call'
rack (2.0.7) lib/rack/sendfile.rb:111:in `call'
rack-cors (1.0.3) lib/rack/cors.rb:95:in `call'
railties (5.2.3) lib/rails/engine.rb:524:in `call'
puma (3.12.1) lib/puma/configuration.rb:227:in `call'
puma (3.12.1) lib/puma/server.rb:660:in `handle_request'
puma (3.12.1) lib/puma/server.rb:474:in `process_client'
puma (3.12.1) lib/puma/server.rb:334:in `block in run'
puma (3.12.1) lib/puma/thread_pool.rb:135:in `block in spawn_thread'
Started GET "/tasks" for ::1 at 2019-05-07 15:37:51 -0300
  
PG::ConnectionBad (could not connect to server: Connection refused (0x0000274D/10061)
	Is the server running on host "192.168.99.100" and accepting
	TCP/IP connections on port 5432?
):
  
pg-1.1.4-x64 (mingw32) lib/pg.rb:56:in `initialize'
pg-1.1.4-x64 (mingw32) lib/pg.rb:56:in `new'
pg-1.1.4-x64 (mingw32) lib/pg.rb:56:in `connect'
activerecord (5.2.3) lib/active_record/connection_adapters/postgresql_adapter.rb:692:in `connect'
activerecord (5.2.3) lib/active_record/connection_adapters/postgresql_adapter.rb:223:in `initialize'
activerecord (5.2.3) lib/active_record/connection_adapters/postgresql_adapter.rb:48:in `new'
activerecord (5.2.3) lib/active_record/connection_adapters/postgresql_adapter.rb:48:in `postgresql_connection'
activerecord (5.2.3) lib/active_record/connection_adapters/abstract/connection_pool.rb:811:in `new_connection'
activerecord (5.2.3) lib/active_record/connection_adapters/abstract/connection_pool.rb:855:in `checkout_new_connection'
activerecord (5.2.3) lib/active_record/connection_adapters/abstract/connection_pool.rb:834:in `try_to_checkout_new_connection'
activerecord (5.2.3) lib/active_record/connection_adapters/abstract/connection_pool.rb:795:in `acquire_connection'
activerecord (5.2.3) lib/active_record/connection_adapters/abstract/connection_pool.rb:523:in `checkout'
activerecord (5.2.3) lib/active_record/connection_adapters/abstract/connection_pool.rb:382:in `connection'
activerecord (5.2.3) lib/active_record/connection_adapters/abstract/connection_pool.rb:1014:in `retrieve_connection'
activerecord (5.2.3) lib/active_record/connection_handling.rb:118:in `retrieve_connection'
activerecord (5.2.3) lib/active_record/connection_handling.rb:90:in `connection'
activerecord (5.2.3) lib/active_record/migration.rb:554:in `call'
actionpack (5.2.3) lib/action_dispatch/middleware/callbacks.rb:28:in `block in call'
activesupport (5.2.3) lib/active_support/callbacks.rb:98:in `run_callbacks'
actionpack (5.2.3) lib/action_dispatch/middleware/callbacks.rb:26:in `call'
actionpack (5.2.3) lib/action_dispatch/middleware/executor.rb:14:in `call'
actionpack (5.2.3) lib/action_dispatch/middleware/debug_exceptions.rb:61:in `call'
actionpack (5.2.3) lib/action_dispatch/middleware/show_exceptions.rb:33:in `call'
railties (5.2.3) lib/rails/rack/logger.rb:38:in `call_app'
railties (5.2.3) lib/rails/rack/logger.rb:26:in `block in call'
activesupport (5.2.3) lib/active_support/tagged_logging.rb:71:in `block in tagged'
activesupport (5.2.3) lib/active_support/tagged_logging.rb:28:in `tagged'
activesupport (5.2.3) lib/active_support/tagged_logging.rb:71:in `tagged'
railties (5.2.3) lib/rails/rack/logger.rb:26:in `call'
actionpack (5.2.3) lib/action_dispatch/middleware/remote_ip.rb:81:in `call'
actionpack (5.2.3) lib/action_dispatch/middleware/request_id.rb:27:in `call'
rack (2.0.7) lib/rack/runtime.rb:22:in `call'
activesupport (5.2.3) lib/active_support/cache/strategy/local_cache_middleware.rb:29:in `call'
actionpack (5.2.3) lib/action_dispatch/middleware/executor.rb:14:in `call'
actionpack (5.2.3) lib/action_dispatch/middleware/static.rb:127:in `call'
rack (2.0.7) lib/rack/sendfile.rb:111:in `call'
rack-cors (1.0.3) lib/rack/cors.rb:95:in `call'
railties (5.2.3) lib/rails/engine.rb:524:in `call'
puma (3.12.1) lib/puma/configuration.rb:227:in `call'
puma (3.12.1) lib/puma/server.rb:660:in `handle_request'
puma (3.12.1) lib/puma/server.rb:474:in `process_client'
puma (3.12.1) lib/puma/server.rb:334:in `block in run'
puma (3.12.1) lib/puma/thread_pool.rb:135:in `block in spawn_thread'
Started GET "/favicon.ico" for ::1 at 2019-05-07 15:37:52 -0300
  
PG::ConnectionBad (could not connect to server: Connection refused (0x0000274D/10061)
	Is the server running on host "192.168.99.100" and accepting
	TCP/IP connections on port 5432?
):
  
pg-1.1.4-x64 (mingw32) lib/pg.rb:56:in `initialize'
pg-1.1.4-x64 (mingw32) lib/pg.rb:56:in `new'
pg-1.1.4-x64 (mingw32) lib/pg.rb:56:in `connect'
activerecord (5.2.3) lib/active_record/connection_adapters/postgresql_adapter.rb:692:in `connect'
activerecord (5.2.3) lib/active_record/connection_adapters/postgresql_adapter.rb:223:in `initialize'
activerecord (5.2.3) lib/active_record/connection_adapters/postgresql_adapter.rb:48:in `new'
activerecord (5.2.3) lib/active_record/connection_adapters/postgresql_adapter.rb:48:in `postgresql_connection'
activerecord (5.2.3) lib/active_record/connection_adapters/abstract/connection_pool.rb:811:in `new_connection'
activerecord (5.2.3) lib/active_record/connection_adapters/abstract/connection_pool.rb:855:in `checkout_new_connection'
activerecord (5.2.3) lib/active_record/connection_adapters/abstract/connection_pool.rb:834:in `try_to_checkout_new_connection'
activerecord (5.2.3) lib/active_record/connection_adapters/abstract/connection_pool.rb:795:in `acquire_connection'
activerecord (5.2.3) lib/active_record/connection_adapters/abstract/connection_pool.rb:523:in `checkout'
activerecord (5.2.3) lib/active_record/connection_adapters/abstract/connection_pool.rb:382:in `connection'
activerecord (5.2.3) lib/active_record/connection_adapters/abstract/connection_pool.rb:1014:in `retrieve_connection'
activerecord (5.2.3) lib/active_record/connection_handling.rb:118:in `retrieve_connection'
activerecord (5.2.3) lib/active_record/connection_handling.rb:90:in `connection'
activerecord (5.2.3) lib/active_record/migration.rb:554:in `call'
actionpack (5.2.3) lib/action_dispatch/middleware/callbacks.rb:28:in `block in call'
activesupport (5.2.3) lib/active_support/callbacks.rb:98:in `run_callbacks'
actionpack (5.2.3) lib/action_dispatch/middleware/callbacks.rb:26:in `call'
actionpack (5.2.3) lib/action_dispatch/middleware/executor.rb:14:in `call'
actionpack (5.2.3) lib/action_dispatch/middleware/debug_exceptions.rb:61:in `call'
actionpack (5.2.3) lib/action_dispatch/middleware/show_exceptions.rb:33:in `call'
railties (5.2.3) lib/rails/rack/logger.rb:38:in `call_app'
railties (5.2.3) lib/rails/rack/logger.rb:26:in `block in call'
activesupport (5.2.3) lib/active_support/tagged_logging.rb:71:in `block in tagged'
activesupport (5.2.3) lib/active_support/tagged_logging.rb:28:in `tagged'
activesupport (5.2.3) lib/active_support/tagged_logging.rb:71:in `tagged'
railties (5.2.3) lib/rails/rack/logger.rb:26:in `call'
actionpack (5.2.3) lib/action_dispatch/middleware/remote_ip.rb:81:in `call'
actionpack (5.2.3) lib/action_dispatch/middleware/request_id.rb:27:in `call'
rack (2.0.7) lib/rack/runtime.rb:22:in `call'
activesupport (5.2.3) lib/active_support/cache/strategy/local_cache_middleware.rb:29:in `call'
actionpack (5.2.3) lib/action_dispatch/middleware/executor.rb:14:in `call'
actionpack (5.2.3) lib/action_dispatch/middleware/static.rb:127:in `call'
rack (2.0.7) lib/rack/sendfile.rb:111:in `call'
rack-cors (1.0.3) lib/rack/cors.rb:95:in `call'
railties (5.2.3) lib/rails/engine.rb:524:in `call'
puma (3.12.1) lib/puma/configuration.rb:227:in `call'
puma (3.12.1) lib/puma/server.rb:660:in `handle_request'
puma (3.12.1) lib/puma/server.rb:474:in `process_client'
puma (3.12.1) lib/puma/server.rb:334:in `block in run'
puma (3.12.1) lib/puma/thread_pool.rb:135:in `block in spawn_thread'
Started GET "/tasks" for ::1 at 2019-05-07 15:38:06 -0300
  [1m[35m (3.0ms)[0m  [1m[34mSELECT "schema_migrations"."version" FROM "schema_migrations" ORDER BY "schema_migrations"."version" ASC[0m
  ↳ C:/Ruby26-x64/lib/ruby/gems/2.6.0/gems/activerecord-5.2.3/lib/active_record/log_subscriber.rb:98
Processing by TasksController#index as */*
  [1m[36mTask Load (3.2ms)[0m  [1m[34mSELECT "tasks".* FROM "tasks"[0m
  ↳ app/controllers/tasks_controller.rb:8
Completed 200 OK in 33ms (Views: 19.2ms | ActiveRecord: 9.9ms)


Started GET "/tasks" for ::1 at 2019-05-07 15:40:10 -0300
Processing by TasksController#index as */*
  [1m[36mTask Load (0.7ms)[0m  [1m[34mSELECT "tasks".* FROM "tasks"[0m
  ↳ app/controllers/tasks_controller.rb:8
Completed 200 OK in 4ms (Views: 2.9ms | ActiveRecord: 0.7ms)


Started GET "/tasks" for ::1 at 2019-05-07 15:40:13 -0300
Processing by TasksController#index as */*
  [1m[36mTask Load (0.5ms)[0m  [1m[34mSELECT "tasks".* FROM "tasks"[0m
  ↳ app/controllers/tasks_controller.rb:8
Completed 200 OK in 5ms (Views: 3.9ms | ActiveRecord: 0.5ms)


Started PUT "/tasks/3" for ::1 at 2019-05-07 15:40:18 -0300
Processing by TasksController#update as JSON
  Parameters: {"task"=>{"done"=>true}, "id"=>"3"}
  [1m[36mTask Load (0.7ms)[0m  [1m[34mSELECT  "tasks".* FROM "tasks" WHERE "tasks"."id" = $1 LIMIT $2[0m  [["id", 3], ["LIMIT", 1]]
  ↳ app/controllers/tasks_controller.rb:44
  [1m[35m (0.3ms)[0m  [1m[35mBEGIN[0m
  ↳ app/controllers/tasks_controller.rb:29
  [1m[36mTask Update (1.4ms)[0m  [1m[33mUPDATE "tasks" SET "done" = $1, "updated_at" = $2 WHERE "tasks"."id" = $3[0m  [["done", true], ["updated_at", "2019-05-07 18:40:18.773957"], ["id", 3]]
  ↳ app/controllers/tasks_controller.rb:29
  [1m[35m (3.1ms)[0m  [1m[35mCOMMIT[0m
  ↳ app/controllers/tasks_controller.rb:29
Completed 200 OK in 18ms (Views: 0.5ms | ActiveRecord: 5.5ms)


Started GET "/tasks" for ::1 at 2019-05-07 15:40:18 -0300
Processing by TasksController#index as */*
  [1m[36mTask Load (0.5ms)[0m  [1m[34mSELECT "tasks".* FROM "tasks"[0m
  ↳ app/controllers/tasks_controller.rb:8
Completed 200 OK in 3ms (Views: 2.5ms | ActiveRecord: 0.5ms)


Started GET "/tasks" for ::1 at 2019-05-07 15:40:36 -0300
Processing by TasksController#index as HTML
  [1m[36mTask Load (0.6ms)[0m  [1m[34mSELECT "tasks".* FROM "tasks"[0m
  ↳ app/controllers/tasks_controller.rb:8
Completed 200 OK in 4ms (Views: 3.6ms | ActiveRecord: 0.6ms)


Started GET "/favicon.ico" for ::1 at 2019-05-07 15:40:37 -0300
  
ActionController::RoutingError (No route matches [GET] "/favicon.ico"):
  
actionpack (5.2.3) lib/action_dispatch/middleware/debug_exceptions.rb:65:in `call'
actionpack (5.2.3) lib/action_dispatch/middleware/show_exceptions.rb:33:in `call'
railties (5.2.3) lib/rails/rack/logger.rb:38:in `call_app'
railties (5.2.3) lib/rails/rack/logger.rb:26:in `block in call'
activesupport (5.2.3) lib/active_support/tagged_logging.rb:71:in `block in tagged'
activesupport (5.2.3) lib/active_support/tagged_logging.rb:28:in `tagged'
activesupport (5.2.3) lib/active_support/tagged_logging.rb:71:in `tagged'
railties (5.2.3) lib/rails/rack/logger.rb:26:in `call'
actionpack (5.2.3) lib/action_dispatch/middleware/remote_ip.rb:81:in `call'
actionpack (5.2.3) lib/action_dispatch/middleware/request_id.rb:27:in `call'
rack (2.0.7) lib/rack/runtime.rb:22:in `call'
activesupport (5.2.3) lib/active_support/cache/strategy/local_cache_middleware.rb:29:in `call'
actionpack (5.2.3) lib/action_dispatch/middleware/executor.rb:14:in `call'
actionpack (5.2.3) lib/action_dispatch/middleware/static.rb:127:in `call'
rack (2.0.7) lib/rack/sendfile.rb:111:in `call'
rack-cors (1.0.3) lib/rack/cors.rb:95:in `call'
railties (5.2.3) lib/rails/engine.rb:524:in `call'
puma (3.12.1) lib/puma/configuration.rb:227:in `call'
puma (3.12.1) lib/puma/server.rb:660:in `handle_request'
puma (3.12.1) lib/puma/server.rb:474:in `process_client'
puma (3.12.1) lib/puma/server.rb:334:in `block in run'
puma (3.12.1) lib/puma/thread_pool.rb:135:in `block in spawn_thread'
Started GET "/tasks" for ::1 at 2019-05-07 15:40:47 -0300
Processing by TasksController#index as HTML
  [1m[36mTask Load (0.7ms)[0m  [1m[34mSELECT "tasks".* FROM "tasks"[0m
  ↳ app/controllers/tasks_controller.rb:8
Completed 200 OK in 6ms (Views: 4.9ms | ActiveRecord: 0.7ms)


Started GET "/tasks" for ::1 at 2019-05-07 15:41:45 -0300
Processing by TasksController#index as */*
  [1m[36mTask Load (0.6ms)[0m  [1m[34mSELECT "tasks".* FROM "tasks"[0m
  ↳ app/controllers/tasks_controller.rb:8
Completed 200 OK in 5ms (Views: 3.8ms | ActiveRecord: 0.6ms)


Started GET "/tasks" for ::1 at 2019-05-07 15:55:55 -0300
Processing by TasksController#index as */*
  [1m[36mTask Load (1.1ms)[0m  [1m[34mSELECT "tasks".* FROM "tasks"[0m
  ↳ app/controllers/tasks_controller.rb:8
Completed 200 OK in 6ms (Views: 4.4ms | ActiveRecord: 1.1ms)


Started GET "/tasks" for ::1 at 2019-05-07 15:55:57 -0300
Processing by TasksController#index as */*
  [1m[36mTask Load (1.0ms)[0m  [1m[34mSELECT "tasks".* FROM "tasks"[0m
  ↳ app/controllers/tasks_controller.rb:8
Completed 200 OK in 14ms (Views: 12.3ms | ActiveRecord: 1.0ms)


Started GET "/tasks" for ::1 at 2019-05-07 16:07:08 -0300
Processing by TasksController#index as */*
  [1m[36mTask Load (0.8ms)[0m  [1m[34mSELECT "tasks".* FROM "tasks"[0m
  ↳ app/controllers/tasks_controller.rb:8
Completed 200 OK in 5ms (Views: 4.2ms | ActiveRecord: 0.8ms)


Started GET "/tasks" for ::1 at 2019-05-07 16:09:25 -0300
Processing by TasksController#index as */*
  [1m[36mTask Load (0.5ms)[0m  [1m[34mSELECT "tasks".* FROM "tasks"[0m
  ↳ app/controllers/tasks_controller.rb:8
Completed 200 OK in 4ms (Views: 3.1ms | ActiveRecord: 0.5ms)


Started GET "/tasks" for ::1 at 2019-05-07 16:09:26 -0300
Processing by TasksController#index as */*
  [1m[36mTask Load (0.6ms)[0m  [1m[34mSELECT "tasks".* FROM "tasks"[0m
  ↳ app/controllers/tasks_controller.rb:8
Completed 200 OK in 4ms (Views: 3.3ms | ActiveRecord: 0.6ms)


Started GET "/tasks" for ::1 at 2019-05-07 16:09:38 -0300
Processing by TasksController#index as */*
  [1m[36mTask Load (0.6ms)[0m  [1m[34mSELECT "tasks".* FROM "tasks"[0m
  ↳ app/controllers/tasks_controller.rb:8
Completed 200 OK in 4ms (Views: 3.1ms | ActiveRecord: 0.6ms)


Started GET "/tasks" for ::1 at 2019-05-07 16:09:40 -0300
Processing by TasksController#index as */*
  [1m[36mTask Load (0.6ms)[0m  [1m[34mSELECT "tasks".* FROM "tasks"[0m
  ↳ app/controllers/tasks_controller.rb:8
Completed 200 OK in 8ms (Views: 7.3ms | ActiveRecord: 0.6ms)


Started GET "/tasks" for ::1 at 2019-05-07 16:10:58 -0300
Processing by TasksController#index as */*
  [1m[36mTask Load (0.5ms)[0m  [1m[34mSELECT "tasks".* FROM "tasks"[0m
  ↳ app/controllers/tasks_controller.rb:8
Completed 200 OK in 3ms (Views: 2.7ms | ActiveRecord: 0.5ms)


Started GET "/tasks" for ::1 at 2019-05-07 16:11:04 -0300
Processing by TasksController#index as */*
  [1m[36mTask Load (0.6ms)[0m  [1m[34mSELECT "tasks".* FROM "tasks"[0m
  ↳ app/controllers/tasks_controller.rb:8
Completed 200 OK in 4ms (Views: 3.1ms | ActiveRecord: 0.6ms)


Started GET "/tasks" for ::1 at 2019-05-07 16:11:09 -0300
Processing by TasksController#index as */*
  [1m[36mTask Load (0.5ms)[0m  [1m[34mSELECT "tasks".* FROM "tasks"[0m
  ↳ app/controllers/tasks_controller.rb:8
Completed 200 OK in 3ms (Views: 2.4ms | ActiveRecord: 0.5ms)


Started GET "/tasks" for ::1 at 2019-05-07 16:11:24 -0300
Processing by TasksController#index as */*
  [1m[36mTask Load (0.6ms)[0m  [1m[34mSELECT "tasks".* FROM "tasks"[0m
  ↳ app/controllers/tasks_controller.rb:8
Completed 200 OK in 5ms (Views: 4.1ms | ActiveRecord: 0.6ms)


Started GET "/tasks" for ::1 at 2019-05-07 16:11:31 -0300
Processing by TasksController#index as */*
  [1m[36mTask Load (0.5ms)[0m  [1m[34mSELECT "tasks".* FROM "tasks"[0m
  ↳ app/controllers/tasks_controller.rb:8
Completed 200 OK in 3ms (Views: 2.7ms | ActiveRecord: 0.5ms)


Started GET "/tasks" for ::1 at 2019-05-07 16:40:11 -0300
Processing by TasksController#index as */*
  [1m[36mTask Load (0.8ms)[0m  [1m[34mSELECT "tasks".* FROM "tasks"[0m
  ↳ app/controllers/tasks_controller.rb:8
Completed 200 OK in 4ms (Views: 2.8ms | ActiveRecord: 0.8ms)


Started GET "/tasks" for ::1 at 2019-05-07 16:40:14 -0300
Processing by TasksController#index as */*
  [1m[36mTask Load (1.0ms)[0m  [1m[34mSELECT "tasks".* FROM "tasks"[0m
  ↳ app/controllers/tasks_controller.rb:8
Completed 200 OK in 12ms (Views: 10.7ms | ActiveRecord: 1.0ms)


Started GET "/tasks" for ::1 at 2019-05-07 16:40:19 -0300
Processing by TasksController#index as */*
  [1m[36mTask Load (0.5ms)[0m  [1m[34mSELECT "tasks".* FROM "tasks"[0m
  ↳ app/controllers/tasks_controller.rb:8
Completed 200 OK in 6ms (Views: 4.8ms | ActiveRecord: 0.5ms)


Started GET "/tasks" for ::1 at 2019-05-07 16:40:24 -0300
Processing by TasksController#index as */*
  [1m[36mTask Load (0.5ms)[0m  [1m[34mSELECT "tasks".* FROM "tasks"[0m
  ↳ app/controllers/tasks_controller.rb:8
Completed 200 OK in 3ms (Views: 2.7ms | ActiveRecord: 0.5ms)


Started GET "/tasks" for ::1 at 2019-05-07 16:40:28 -0300
Processing by TasksController#index as */*
  [1m[36mTask Load (0.6ms)[0m  [1m[34mSELECT "tasks".* FROM "tasks"[0m
  ↳ app/controllers/tasks_controller.rb:8
Completed 200 OK in 3ms (Views: 2.6ms | ActiveRecord: 0.6ms)


Started GET "/tasks" for ::1 at 2019-05-07 16:40:33 -0300
Processing by TasksController#index as */*
  [1m[36mTask Load (0.6ms)[0m  [1m[34mSELECT "tasks".* FROM "tasks"[0m
  ↳ app/controllers/tasks_controller.rb:8
Completed 200 OK in 5ms (Views: 3.8ms | ActiveRecord: 0.6ms)


Started GET "/tasks" for ::1 at 2019-05-07 16:40:45 -0300
Processing by TasksController#index as */*
  [1m[36mTask Load (0.7ms)[0m  [1m[34mSELECT "tasks".* FROM "tasks"[0m
  ↳ app/controllers/tasks_controller.rb:8
Completed 200 OK in 4ms (Views: 3.4ms | ActiveRecord: 0.7ms)


Started GET "/tasks" for ::1 at 2019-05-07 16:40:48 -0300
Processing by TasksController#index as */*
  [1m[36mTask Load (0.5ms)[0m  [1m[34mSELECT "tasks".* FROM "tasks"[0m
  ↳ app/controllers/tasks_controller.rb:8
Completed 200 OK in 5ms (Views: 4.0ms | ActiveRecord: 0.5ms)


Started GET "/tasks" for ::1 at 2019-05-07 16:40:54 -0300
Processing by TasksController#index as */*
  [1m[36mTask Load (0.5ms)[0m  [1m[34mSELECT "tasks".* FROM "tasks"[0m
  ↳ app/controllers/tasks_controller.rb:8
Completed 200 OK in 4ms (Views: 3.6ms | ActiveRecord: 0.5ms)


Started GET "/tasks" for ::1 at 2019-05-07 16:41:10 -0300
Processing by TasksController#index as */*
  [1m[36mTask Load (1.3ms)[0m  [1m[34mSELECT "tasks".* FROM "tasks"[0m
  ↳ app/controllers/tasks_controller.rb:8
Completed 200 OK in 11ms (Views: 9.5ms | ActiveRecord: 1.3ms)


Started GET "/tasks" for ::1 at 2019-05-07 16:41:20 -0300
Processing by TasksController#index as */*
  [1m[36mTask Load (0.5ms)[0m  [1m[34mSELECT "tasks".* FROM "tasks"[0m
  ↳ app/controllers/tasks_controller.rb:8
Completed 200 OK in 3ms (Views: 2.5ms | ActiveRecord: 0.5ms)


Started GET "/tasks" for ::1 at 2019-05-07 16:41:24 -0300
Processing by TasksController#index as */*
  [1m[36mTask Load (0.6ms)[0m  [1m[34mSELECT "tasks".* FROM "tasks"[0m
  ↳ app/controllers/tasks_controller.rb:8
Completed 200 OK in 7ms (Views: 6.5ms | ActiveRecord: 0.6ms)


Started GET "/tasks" for ::1 at 2019-05-07 17:05:12 -0300
Processing by TasksController#index as */*
  [1m[36mTask Load (0.8ms)[0m  [1m[34mSELECT "tasks".* FROM "tasks"[0m
  ↳ app/controllers/tasks_controller.rb:8
Completed 200 OK in 6ms (Views: 4.8ms | ActiveRecord: 0.8ms)


Started GET "/tasks" for ::1 at 2019-05-07 17:08:13 -0300
Processing by TasksController#index as */*
  [1m[36mTask Load (0.6ms)[0m  [1m[34mSELECT "tasks".* FROM "tasks"[0m
  ↳ app/controllers/tasks_controller.rb:8
Completed 200 OK in 4ms (Views: 3.4ms | ActiveRecord: 0.6ms)


Started GET "/tasks" for ::1 at 2019-05-07 17:09:56 -0300
Processing by TasksController#index as */*
  [1m[36mTask Load (0.6ms)[0m  [1m[34mSELECT "tasks".* FROM "tasks"[0m
  ↳ app/controllers/tasks_controller.rb:8
Completed 200 OK in 5ms (Views: 4.4ms | ActiveRecord: 0.6ms)


Started GET "/tasks" for ::1 at 2019-05-07 17:10:28 -0300
Processing by TasksController#index as */*
  [1m[36mTask Load (0.5ms)[0m  [1m[34mSELECT "tasks".* FROM "tasks"[0m
  ↳ app/controllers/tasks_controller.rb:8
Completed 200 OK in 5ms (Views: 4.4ms | ActiveRecord: 0.5ms)


Started GET "/tasks" for ::1 at 2019-05-07 17:10:50 -0300
Processing by TasksController#index as */*
  [1m[36mTask Load (0.6ms)[0m  [1m[34mSELECT "tasks".* FROM "tasks"[0m
  ↳ app/controllers/tasks_controller.rb:8
Completed 200 OK in 5ms (Views: 4.1ms | ActiveRecord: 0.6ms)


Started GET "/tasks" for ::1 at 2019-05-07 17:41:07 -0300
Processing by TasksController#index as */*
  [1m[36mTask Load (0.8ms)[0m  [1m[34mSELECT "tasks".* FROM "tasks"[0m
  ↳ app/controllers/tasks_controller.rb:8
Completed 200 OK in 5ms (Views: 4.2ms | ActiveRecord: 0.8ms)


Started GET "/tasks" for ::1 at 2019-05-07 17:42:55 -0300
Processing by TasksController#index as */*
  [1m[36mTask Load (0.6ms)[0m  [1m[34mSELECT "tasks".* FROM "tasks"[0m
  ↳ app/controllers/tasks_controller.rb:8
Completed 200 OK in 5ms (Views: 4.1ms | ActiveRecord: 0.6ms)


Started GET "/tasks" for ::1 at 2019-05-07 17:42:59 -0300
Processing by TasksController#index as */*
  [1m[36mTask Load (0.7ms)[0m  [1m[34mSELECT "tasks".* FROM "tasks"[0m
  ↳ app/controllers/tasks_controller.rb:8
Completed 200 OK in 5ms (Views: 4.4ms | ActiveRecord: 0.7ms)


Started GET "/tasks" for ::1 at 2019-05-07 17:50:28 -0300
Processing by TasksController#index as */*
  [1m[36mTask Load (0.8ms)[0m  [1m[34mSELECT "tasks".* FROM "tasks"[0m
  ↳ app/controllers/tasks_controller.rb:8
Completed 200 OK in 8ms (Views: 6.8ms | ActiveRecord: 0.8ms)


Started GET "/tasks" for ::1 at 2019-05-07 17:50:32 -0300
Processing by TasksController#index as */*
  [1m[36mTask Load (0.5ms)[0m  [1m[34mSELECT "tasks".* FROM "tasks"[0m
  ↳ app/controllers/tasks_controller.rb:8
Completed 200 OK in 5ms (Views: 3.9ms | ActiveRecord: 0.5ms)


Started GET "/tasks" for ::1 at 2019-05-07 17:51:20 -0300
Processing by TasksController#index as */*
  [1m[36mTask Load (0.6ms)[0m  [1m[34mSELECT "tasks".* FROM "tasks"[0m
  ↳ app/controllers/tasks_controller.rb:8
Completed 200 OK in 42ms (Views: 41.5ms | ActiveRecord: 0.6ms)


Started GET "/tasks" for ::1 at 2019-05-07 17:51:28 -0300
Processing by TasksController#index as */*
  [1m[36mTask Load (0.7ms)[0m  [1m[34mSELECT "tasks".* FROM "tasks"[0m
  ↳ app/controllers/tasks_controller.rb:8
Completed 200 OK in 15ms (Views: 14.2ms | ActiveRecord: 0.7ms)


Started GET "/tasks" for ::1 at 2019-05-07 17:51:34 -0300
Processing by TasksController#index as */*
  [1m[36mTask Load (0.7ms)[0m  [1m[34mSELECT "tasks".* FROM "tasks"[0m
  ↳ app/controllers/tasks_controller.rb:8
Completed 200 OK in 7ms (Views: 6.5ms | ActiveRecord: 0.7ms)


Started GET "/tasks" for ::1 at 2019-05-07 17:53:19 -0300
Processing by TasksController#index as */*
  [1m[36mTask Load (0.6ms)[0m  [1m[34mSELECT "tasks".* FROM "tasks"[0m
  ↳ app/controllers/tasks_controller.rb:8
Completed 200 OK in 4ms (Views: 3.5ms | ActiveRecord: 0.6ms)


Started GET "/tasks" for ::1 at 2019-05-07 17:53:23 -0300
Processing by TasksController#index as */*
  [1m[36mTask Load (0.6ms)[0m  [1m[34mSELECT "tasks".* FROM "tasks"[0m
  ↳ app/controllers/tasks_controller.rb:8
Completed 200 OK in 7ms (Views: 5.8ms | ActiveRecord: 0.6ms)


Started GET "/tasks" for ::1 at 2019-05-07 17:53:35 -0300
Processing by TasksController#index as */*
  [1m[36mTask Load (0.5ms)[0m  [1m[34mSELECT "tasks".* FROM "tasks"[0m
  ↳ app/controllers/tasks_controller.rb:8
Completed 200 OK in 6ms (Views: 4.9ms | ActiveRecord: 0.5ms)


Started GET "/tasks" for ::1 at 2019-05-07 17:53:41 -0300
Processing by TasksController#index as */*
  [1m[36mTask Load (1.1ms)[0m  [1m[34mSELECT "tasks".* FROM "tasks"[0m
  ↳ app/controllers/tasks_controller.rb:8
Completed 200 OK in 6ms (Views: 4.1ms | ActiveRecord: 1.1ms)


Started GET "/tasks" for ::1 at 2019-05-07 17:53:46 -0300
Processing by TasksController#index as */*
  [1m[36mTask Load (0.6ms)[0m  [1m[34mSELECT "tasks".* FROM "tasks"[0m
  ↳ app/controllers/tasks_controller.rb:8
Completed 200 OK in 4ms (Views: 3.0ms | ActiveRecord: 0.6ms)


Started POST "/tasks" for ::1 at 2019-05-07 17:54:11 -0300
Processing by TasksController#create as JSON
  Parameters: {"task"=>{"title"=>"hgjghjg", "done"=>false}}
  [1m[35m (0.5ms)[0m  [1m[35mBEGIN[0m
  ↳ app/controllers/tasks_controller.rb:20
  [1m[36mTask Create (5.3ms)[0m  [1m[32mINSERT INTO "tasks" ("title", "done", "created_at", "updated_at") VALUES ($1, $2, $3, $4) RETURNING "id"[0m  [["title", "hgjghjg"], ["done", false], ["created_at", "2019-05-07 20:54:11.520717"], ["updated_at", "2019-05-07 20:54:11.520717"]]
  ↳ app/controllers/tasks_controller.rb:20
  [1m[35m (3.7ms)[0m  [1m[35mCOMMIT[0m
  ↳ app/controllers/tasks_controller.rb:20
Completed 201 Created in 19ms (Views: 1.4ms | ActiveRecord: 9.5ms)


Started GET "/tasks" for ::1 at 2019-05-07 17:54:11 -0300
Processing by TasksController#index as */*
  [1m[36mTask Load (0.6ms)[0m  [1m[34mSELECT "tasks".* FROM "tasks"[0m
  ↳ app/controllers/tasks_controller.rb:8
Completed 200 OK in 5ms (Views: 3.9ms | ActiveRecord: 0.6ms)


Started GET "/tasks" for ::1 at 2019-05-07 17:54:12 -0300
Processing by TasksController#index as */*
  [1m[36mTask Load (0.7ms)[0m  [1m[34mSELECT "tasks".* FROM "tasks"[0m
  ↳ app/controllers/tasks_controller.rb:8
Completed 200 OK in 6ms (Views: 5.6ms | ActiveRecord: 0.7ms)


Started POST "/tasks" for ::1 at 2019-05-07 17:54:18 -0300
Processing by TasksController#create as JSON
  Parameters: {"task"=>{"title"=>"hk", "done"=>false}}
  [1m[35m (0.4ms)[0m  [1m[35mBEGIN[0m
  ↳ app/controllers/tasks_controller.rb:20
  [1m[36mTask Create (0.6ms)[0m  [1m[32mINSERT INTO "tasks" ("title", "done", "created_at", "updated_at") VALUES ($1, $2, $3, $4) RETURNING "id"[0m  [["title", "hk"], ["done", false], ["created_at", "2019-05-07 20:54:18.998998"], ["updated_at", "2019-05-07 20:54:18.998998"]]
  ↳ app/controllers/tasks_controller.rb:20
  [1m[35m (3.9ms)[0m  [1m[35mCOMMIT[0m
  ↳ app/controllers/tasks_controller.rb:20
Completed 201 Created in 11ms (Views: 0.7ms | ActiveRecord: 4.9ms)


Started GET "/tasks" for ::1 at 2019-05-07 17:54:19 -0300
Processing by TasksController#index as */*
  [1m[36mTask Load (0.6ms)[0m  [1m[34mSELECT "tasks".* FROM "tasks"[0m
  ↳ app/controllers/tasks_controller.rb:8
Completed 200 OK in 11ms (Views: 9.8ms | ActiveRecord: 0.6ms)


Started GET "/tasks" for ::1 at 2019-05-07 17:56:20 -0300
Processing by TasksController#index as */*
  [1m[36mTask Load (1.3ms)[0m  [1m[34mSELECT "tasks".* FROM "tasks"[0m
  ↳ app/controllers/tasks_controller.rb:8
Completed 200 OK in 5ms (Views: 3.3ms | ActiveRecord: 1.3ms)


Started GET "/tasks" for ::1 at 2019-05-07 17:56:22 -0300
Processing by TasksController#index as */*
  [1m[36mTask Load (0.8ms)[0m  [1m[34mSELECT "tasks".* FROM "tasks"[0m
  ↳ app/controllers/tasks_controller.rb:8
Completed 200 OK in 6ms (Views: 4.7ms | ActiveRecord: 0.8ms)


Started GET "/tasks" for ::1 at 2019-05-07 17:59:58 -0300
Processing by TasksController#index as */*
  [1m[36mTask Load (0.6ms)[0m  [1m[34mSELECT "tasks".* FROM "tasks"[0m
  ↳ app/controllers/tasks_controller.rb:8
Completed 200 OK in 6ms (Views: 5.3ms | ActiveRecord: 0.6ms)


Started POST "/tasks" for ::1 at 2019-05-07 18:00:02 -0300
Processing by TasksController#create as JSON
  Parameters: {"task"=>{"title"=>"jjgghjh", "done"=>false}}
  [1m[35m (0.7ms)[0m  [1m[35mBEGIN[0m
  ↳ app/controllers/tasks_controller.rb:20
  [1m[36mTask Create (0.7ms)[0m  [1m[32mINSERT INTO "tasks" ("title", "done", "created_at", "updated_at") VALUES ($1, $2, $3, $4) RETURNING "id"[0m  [["title", "jjgghjh"], ["done", false], ["created_at", "2019-05-07 21:00:02.933571"], ["updated_at", "2019-05-07 21:00:02.933571"]]
  ↳ app/controllers/tasks_controller.rb:20
  [1m[35m (3.9ms)[0m  [1m[35mCOMMIT[0m
  ↳ app/controllers/tasks_controller.rb:20
Completed 201 Created in 15ms (Views: 0.6ms | ActiveRecord: 5.3ms)


Started GET "/tasks" for ::1 at 2019-05-07 18:00:02 -0300
Processing by TasksController#index as */*
  [1m[36mTask Load (0.7ms)[0m  [1m[34mSELECT "tasks".* FROM "tasks"[0m
  ↳ app/controllers/tasks_controller.rb:8
Completed 200 OK in 9ms (Views: 7.8ms | ActiveRecord: 0.7ms)


Started GET "/tasks" for ::1 at 2019-05-07 18:00:29 -0300
Processing by TasksController#index as */*
  [1m[36mTask Load (8.3ms)[0m  [1m[34mSELECT "tasks".* FROM "tasks"[0m
  ↳ app/controllers/tasks_controller.rb:8
Completed 200 OK in 17ms (Views: 8.1ms | ActiveRecord: 8.3ms)


Started GET "/tasks" for ::1 at 2019-05-07 18:01:26 -0300
Processing by TasksController#index as */*
  [1m[36mTask Load (0.5ms)[0m  [1m[34mSELECT "tasks".* FROM "tasks"[0m
  ↳ app/controllers/tasks_controller.rb:8
Completed 200 OK in 4ms (Views: 3.2ms | ActiveRecord: 0.5ms)


Started PUT "/tasks/10" for ::1 at 2019-05-07 18:01:29 -0300
Processing by TasksController#update as JSON
  Parameters: {"task"=>{"done"=>true}, "id"=>"10"}
  [1m[36mTask Load (0.4ms)[0m  [1m[34mSELECT  "tasks".* FROM "tasks" WHERE "tasks"."id" = $1 LIMIT $2[0m  [["id", 10], ["LIMIT", 1]]
  ↳ app/controllers/tasks_controller.rb:44
  [1m[35m (0.3ms)[0m  [1m[35mBEGIN[0m
  ↳ app/controllers/tasks_controller.rb:29
  [1m[36mTask Update (0.5ms)[0m  [1m[33mUPDATE "tasks" SET "done" = $1, "updated_at" = $2 WHERE "tasks"."id" = $3[0m  [["done", true], ["updated_at", "2019-05-07 21:01:29.454668"], ["id", 10]]
  ↳ app/controllers/tasks_controller.rb:29
  [1m[35m (3.5ms)[0m  [1m[35mCOMMIT[0m
  ↳ app/controllers/tasks_controller.rb:29
Completed 200 OK in 12ms (Views: 0.4ms | ActiveRecord: 4.7ms)


Started GET "/tasks" for ::1 at 2019-05-07 18:01:29 -0300
Processing by TasksController#index as */*
  [1m[36mTask Load (0.6ms)[0m  [1m[34mSELECT "tasks".* FROM "tasks"[0m
  ↳ app/controllers/tasks_controller.rb:8
Completed 200 OK in 6ms (Views: 5.0ms | ActiveRecord: 0.6ms)


Started DELETE "/tasks/11" for ::1 at 2019-05-07 18:01:32 -0300
Processing by TasksController#destroy as */*
  Parameters: {"id"=>"11"}
  [1m[36mTask Load (0.5ms)[0m  [1m[34mSELECT  "tasks".* FROM "tasks" WHERE "tasks"."id" = $1 LIMIT $2[0m  [["id", 11], ["LIMIT", 1]]
  ↳ app/controllers/tasks_controller.rb:44
  [1m[35m (0.5ms)[0m  [1m[35mBEGIN[0m
  ↳ app/controllers/tasks_controller.rb:38
  [1m[36mTask Destroy (0.5ms)[0m  [1m[31mDELETE FROM "tasks" WHERE "tasks"."id" = $1[0m  [["id", 11]]
  ↳ app/controllers/tasks_controller.rb:38
  [1m[35m (3.7ms)[0m  [1m[35mCOMMIT[0m
  ↳ app/controllers/tasks_controller.rb:38
Completed 204 No Content in 12ms (ActiveRecord: 5.2ms)


Started GET "/tasks" for ::1 at 2019-05-07 18:01:36 -0300
Processing by TasksController#index as */*
  [1m[36mTask Load (1.0ms)[0m  [1m[34mSELECT "tasks".* FROM "tasks"[0m
  ↳ app/controllers/tasks_controller.rb:8
Completed 200 OK in 14ms (Views: 13.2ms | ActiveRecord: 1.0ms)


Started DELETE "/tasks/9" for ::1 at 2019-05-07 18:01:41 -0300
Processing by TasksController#destroy as */*
  Parameters: {"id"=>"9"}
  [1m[36mTask Load (0.6ms)[0m  [1m[34mSELECT  "tasks".* FROM "tasks" WHERE "tasks"."id" = $1 LIMIT $2[0m  [["id", 9], ["LIMIT", 1]]
  ↳ app/controllers/tasks_controller.rb:44
  [1m[35m (0.3ms)[0m  [1m[35mBEGIN[0m
  ↳ app/controllers/tasks_controller.rb:38
  [1m[36mTask Destroy (0.5ms)[0m  [1m[31mDELETE FROM "tasks" WHERE "tasks"."id" = $1[0m  [["id", 9]]
  ↳ app/controllers/tasks_controller.rb:38
  [1m[35m (7.2ms)[0m  [1m[35mCOMMIT[0m
  ↳ app/controllers/tasks_controller.rb:38
Completed 204 No Content in 14ms (ActiveRecord: 8.6ms)


Started GET "/tasks" for ::1 at 2019-05-07 18:01:44 -0300
Processing by TasksController#index as */*
  [1m[36mTask Load (0.5ms)[0m  [1m[34mSELECT "tasks".* FROM "tasks"[0m
  ↳ app/controllers/tasks_controller.rb:8
Completed 200 OK in 7ms (Views: 6.4ms | ActiveRecord: 0.5ms)


Started DELETE "/tasks/10" for ::1 at 2019-05-07 18:01:54 -0300
Processing by TasksController#destroy as */*
  Parameters: {"id"=>"10"}
  [1m[36mTask Load (0.5ms)[0m  [1m[34mSELECT  "tasks".* FROM "tasks" WHERE "tasks"."id" = $1 LIMIT $2[0m  [["id", 10], ["LIMIT", 1]]
  ↳ app/controllers/tasks_controller.rb:44
  [1m[35m (0.7ms)[0m  [1m[35mBEGIN[0m
  ↳ app/controllers/tasks_controller.rb:38
  [1m[36mTask Destroy (0.9ms)[0m  [1m[31mDELETE FROM "tasks" WHERE "tasks"."id" = $1[0m  [["id", 10]]
  ↳ app/controllers/tasks_controller.rb:38
  [1m[35m (3.5ms)[0m  [1m[35mCOMMIT[0m
  ↳ app/controllers/tasks_controller.rb:38
Completed 204 No Content in 14ms (ActiveRecord: 5.5ms)


Started GET "/tasks" for ::1 at 2019-05-07 18:01:57 -0300
Processing by TasksController#index as */*
  [1m[36mTask Load (0.6ms)[0m  [1m[34mSELECT "tasks".* FROM "tasks"[0m
  ↳ app/controllers/tasks_controller.rb:8
Completed 200 OK in 5ms (Views: 4.5ms | ActiveRecord: 0.6ms)


Started DELETE "/tasks/3" for ::1 at 2019-05-07 18:01:59 -0300
Processing by TasksController#destroy as */*
  Parameters: {"id"=>"3"}
  [1m[36mTask Load (0.6ms)[0m  [1m[34mSELECT  "tasks".* FROM "tasks" WHERE "tasks"."id" = $1 LIMIT $2[0m  [["id", 3], ["LIMIT", 1]]
  ↳ app/controllers/tasks_controller.rb:44
  [1m[35m (0.3ms)[0m  [1m[35mBEGIN[0m
  ↳ app/controllers/tasks_controller.rb:38
  [1m[36mTask Destroy (0.8ms)[0m  [1m[31mDELETE FROM "tasks" WHERE "tasks"."id" = $1[0m  [["id", 3]]
  ↳ app/controllers/tasks_controller.rb:38
  [1m[35m (3.6ms)[0m  [1m[35mCOMMIT[0m
  ↳ app/controllers/tasks_controller.rb:38
Completed 204 No Content in 12ms (ActiveRecord: 5.4ms)


Started PUT "/tasks/4" for ::1 at 2019-05-07 18:02:01 -0300
Processing by TasksController#update as JSON
  Parameters: {"task"=>{"done"=>true}, "id"=>"4"}
  [1m[36mTask Load (0.6ms)[0m  [1m[34mSELECT  "tasks".* FROM "tasks" WHERE "tasks"."id" = $1 LIMIT $2[0m  [["id", 4], ["LIMIT", 1]]
  ↳ app/controllers/tasks_controller.rb:44
  [1m[35m (0.4ms)[0m  [1m[35mBEGIN[0m
  ↳ app/controllers/tasks_controller.rb:29
  [1m[36mTask Update (0.5ms)[0m  [1m[33mUPDATE "tasks" SET "done" = $1, "updated_at" = $2 WHERE "tasks"."id" = $3[0m  [["done", true], ["updated_at", "2019-05-07 21:02:01.189185"], ["id", 4]]
  ↳ app/controllers/tasks_controller.rb:29
  [1m[35m (3.4ms)[0m  [1m[35mCOMMIT[0m
  ↳ app/controllers/tasks_controller.rb:29
Completed 200 OK in 12ms (Views: 0.4ms | ActiveRecord: 4.9ms)


Started GET "/tasks" for ::1 at 2019-05-07 18:02:01 -0300
Processing by TasksController#index as */*
  [1m[36mTask Load (0.7ms)[0m  [1m[34mSELECT "tasks".* FROM "tasks"[0m
  ↳ app/controllers/tasks_controller.rb:8
Completed 200 OK in 5ms (Views: 4.2ms | ActiveRecord: 0.7ms)


Started DELETE "/tasks/4" for ::1 at 2019-05-07 18:02:04 -0300
Processing by TasksController#destroy as */*
  Parameters: {"id"=>"4"}
  [1m[36mTask Load (0.5ms)[0m  [1m[34mSELECT  "tasks".* FROM "tasks" WHERE "tasks"."id" = $1 LIMIT $2[0m  [["id", 4], ["LIMIT", 1]]
  ↳ app/controllers/tasks_controller.rb:44
  [1m[35m (0.5ms)[0m  [1m[35mBEGIN[0m
  ↳ app/controllers/tasks_controller.rb:38
  [1m[36mTask Destroy (0.5ms)[0m  [1m[31mDELETE FROM "tasks" WHERE "tasks"."id" = $1[0m  [["id", 4]]
  ↳ app/controllers/tasks_controller.rb:38
  [1m[35m (6.4ms)[0m  [1m[35mCOMMIT[0m
  ↳ app/controllers/tasks_controller.rb:38
Completed 204 No Content in 14ms (ActiveRecord: 7.9ms)


Started PUT "/tasks/1" for ::1 at 2019-05-07 18:02:06 -0300
Processing by TasksController#update as JSON
  Parameters: {"task"=>{"done"=>true}, "id"=>"1"}
  [1m[36mTask Load (0.5ms)[0m  [1m[34mSELECT  "tasks".* FROM "tasks" WHERE "tasks"."id" = $1 LIMIT $2[0m  [["id", 1], ["LIMIT", 1]]
  ↳ app/controllers/tasks_controller.rb:44
  [1m[35m (0.3ms)[0m  [1m[35mBEGIN[0m
  ↳ app/controllers/tasks_controller.rb:29
  [1m[36mTask Update (0.6ms)[0m  [1m[33mUPDATE "tasks" SET "done" = $1, "updated_at" = $2 WHERE "tasks"."id" = $3[0m  [["done", true], ["updated_at", "2019-05-07 21:02:06.660348"], ["id", 1]]
  ↳ app/controllers/tasks_controller.rb:29
  [1m[35m (3.5ms)[0m  [1m[35mCOMMIT[0m
  ↳ app/controllers/tasks_controller.rb:29
Completed 200 OK in 12ms (Views: 0.4ms | ActiveRecord: 4.9ms)


Started GET "/tasks" for ::1 at 2019-05-07 18:02:06 -0300
Processing by TasksController#index as */*
  [1m[36mTask Load (0.6ms)[0m  [1m[34mSELECT "tasks".* FROM "tasks"[0m
  ↳ app/controllers/tasks_controller.rb:8
Completed 200 OK in 4ms (Views: 3.0ms | ActiveRecord: 0.6ms)


Started GET "/tasks" for ::1 at 2019-05-07 18:02:08 -0300
Processing by TasksController#index as */*
  [1m[36mTask Load (0.6ms)[0m  [1m[34mSELECT "tasks".* FROM "tasks"[0m
  ↳ app/controllers/tasks_controller.rb:8
Completed 200 OK in 8ms (Views: 7.2ms | ActiveRecord: 0.6ms)


Started DELETE "/tasks/1" for ::1 at 2019-05-07 18:02:11 -0300
Processing by TasksController#destroy as */*
  Parameters: {"id"=>"1"}
  [1m[36mTask Load (0.5ms)[0m  [1m[34mSELECT  "tasks".* FROM "tasks" WHERE "tasks"."id" = $1 LIMIT $2[0m  [["id", 1], ["LIMIT", 1]]
  ↳ app/controllers/tasks_controller.rb:44
  [1m[35m (0.4ms)[0m  [1m[35mBEGIN[0m
  ↳ app/controllers/tasks_controller.rb:38
  [1m[36mTask Destroy (0.5ms)[0m  [1m[31mDELETE FROM "tasks" WHERE "tasks"."id" = $1[0m  [["id", 1]]
  ↳ app/controllers/tasks_controller.rb:38
  [1m[35m (3.6ms)[0m  [1m[35mCOMMIT[0m
  ↳ app/controllers/tasks_controller.rb:38
Completed 204 No Content in 12ms (ActiveRecord: 5.1ms)


Started GET "/tasks" for ::1 at 2019-05-07 18:02:11 -0300
Processing by TasksController#index as */*
  [1m[36mTask Load (0.6ms)[0m  [1m[34mSELECT "tasks".* FROM "tasks"[0m
  ↳ app/controllers/tasks_controller.rb:8
Completed 200 OK in 4ms (Views: 2.9ms | ActiveRecord: 0.6ms)


Started GET "/tasks" for ::1 at 2019-05-07 18:02:26 -0300
Processing by TasksController#index as */*
  [1m[36mTask Load (0.6ms)[0m  [1m[34mSELECT "tasks".* FROM "tasks"[0m
  ↳ app/controllers/tasks_controller.rb:8
Completed 200 OK in 6ms (Views: 5.3ms | ActiveRecord: 0.6ms)


  [1m[35m (0.9ms)[0m  [1m[34mSELECT "schema_migrations"."version" FROM "schema_migrations" ORDER BY "schema_migrations"."version" ASC[0m
  ↳ bin/rails:4
  [1m[35m (0.4ms)[0m  [1m[35mBEGIN[0m
  ↳ db/seeds.rb:8
  [1m[36mTask Create (0.7ms)[0m  [1m[32mINSERT INTO "tasks" ("title", "done", "created_at", "updated_at") VALUES ($1, $2, $3, $4) RETURNING "id"[0m  [["title", "Ler os artigo do OneBitCode sobre React"], ["done", false], ["created_at", "2019-05-07 21:02:50.836924"], ["updated_at", "2019-05-07 21:02:50.836924"]]
  ↳ db/seeds.rb:8
  [1m[35m (3.5ms)[0m  [1m[35mCOMMIT[0m
  ↳ db/seeds.rb:8
  [1m[35m (0.3ms)[0m  [1m[35mBEGIN[0m
  ↳ db/seeds.rb:9
  [1m[36mTask Create (0.5ms)[0m  [1m[32mINSERT INTO "tasks" ("title", "done", "created_at", "updated_at") VALUES ($1, $2, $3, $4) RETURNING "id"[0m  [["title", "Participar da Semana Super Full Stack (29/04 - 05/05)"], ["done", false], ["created_at", "2019-05-07 21:02:50.842877"], ["updated_at", "2019-05-07 21:02:50.842877"]]
  ↳ db/seeds.rb:9
  [1m[35m (3.3ms)[0m  [1m[35mCOMMIT[0m
  ↳ db/seeds.rb:9
  [1m[35m (0.3ms)[0m  [1m[35mBEGIN[0m
  ↳ db/seeds.rb:10
  [1m[36mTask Create (0.6ms)[0m  [1m[32mINSERT INTO "tasks" ("title", "done", "created_at", "updated_at") VALUES ($1, $2, $3, $4) RETURNING "id"[0m  [["title", "Se inscrever na newsletter para receber vagas"], ["done", false], ["created_at", "2019-05-07 21:02:50.848099"], ["updated_at", "2019-05-07 21:02:50.848099"]]
  ↳ db/seeds.rb:10
  [1m[35m (2.9ms)[0m  [1m[35mCOMMIT[0m
  ↳ db/seeds.rb:10
  [1m[35m (0.3ms)[0m  [1m[35mBEGIN[0m
  ↳ db/seeds.rb:11
  [1m[36mTask Create (0.6ms)[0m  [1m[32mINSERT INTO "tasks" ("title", "done", "created_at", "updated_at") VALUES ($1, $2, $3, $4) RETURNING "id"[0m  [["title", "Curtir a página do OneBitCode no Facebook"], ["done", false], ["created_at", "2019-05-07 21:02:50.853058"], ["updated_at", "2019-05-07 21:02:50.853058"]]
  ↳ db/seeds.rb:11
  [1m[35m (3.5ms)[0m  [1m[35mCOMMIT[0m
  ↳ db/seeds.rb:11
  [1m[35m (0.4ms)[0m  [1m[35mBEGIN[0m
  ↳ db/seeds.rb:12
  [1m[36mTask Create (0.5ms)[0m  [1m[32mINSERT INTO "tasks" ("title", "done", "created_at", "updated_at") VALUES ($1, $2, $3, $4) RETURNING "id"[0m  [["title", "Se inscrever no canal do Youtube do OneBitCode"], ["done", false], ["created_at", "2019-05-07 21:02:50.858782"], ["updated_at", "2019-05-07 21:02:50.858782"]]
  ↳ db/seeds.rb:12
  [1m[35m (3.0ms)[0m  [1m[35mCOMMIT[0m
  ↳ db/seeds.rb:12
  [1m[35m (0.4ms)[0m  [1m[35mBEGIN[0m
  ↳ db/seeds.rb:13
  [1m[36mTask Create (0.4ms)[0m  [1m[32mINSERT INTO "tasks" ("title", "done", "created_at", "updated_at") VALUES ($1, $2, $3, $4) RETURNING "id"[0m  [["title", "Finalizar esse Artigo para melhorar minhas habilidades"], ["done", false], ["created_at", "2019-05-07 21:02:50.863810"], ["updated_at", "2019-05-07 21:02:50.863810"]]
  ↳ db/seeds.rb:13
  [1m[35m (3.0ms)[0m  [1m[35mCOMMIT[0m
  ↳ db/seeds.rb:13
  [1m[35m (0.3ms)[0m  [1m[35mBEGIN[0m
  ↳ db/seeds.rb:14
  [1m[36mTask Create (0.5ms)[0m  [1m[32mINSERT INTO "tasks" ("title", "done", "created_at", "updated_at") VALUES ($1, $2, $3, $4) RETURNING "id"[0m  [["title", "Estudar Ruby On Rails"], ["done", true], ["created_at", "2019-05-07 21:02:50.868651"], ["updated_at", "2019-05-07 21:02:50.868651"]]
  ↳ db/seeds.rb:14
  [1m[35m (2.9ms)[0m  [1m[35mCOMMIT[0m
  ↳ db/seeds.rb:14
  [1m[35m (0.4ms)[0m  [1m[35mBEGIN[0m
  ↳ db/seeds.rb:15
  [1m[36mTask Create (0.5ms)[0m  [1m[32mINSERT INTO "tasks" ("title", "done", "created_at", "updated_at") VALUES ($1, $2, $3, $4) RETURNING "id"[0m  [["title", "Estudar React"], ["done", true], ["created_at", "2019-05-07 21:02:50.873534"], ["updated_at", "2019-05-07 21:02:50.873534"]]
  ↳ db/seeds.rb:15
  [1m[35m (3.6ms)[0m  [1m[35mCOMMIT[0m
  ↳ db/seeds.rb:15
Started GET "/tasks" for ::1 at 2019-05-07 18:03:00 -0300
  [1m[35m (0.8ms)[0m  [1m[34mSELECT "schema_migrations"."version" FROM "schema_migrations" ORDER BY "schema_migrations"."version" ASC[0m
  ↳ C:/Ruby26-x64/lib/ruby/gems/2.6.0/gems/activerecord-5.2.3/lib/active_record/log_subscriber.rb:98
Processing by TasksController#index as */*
  [1m[36mTask Load (0.9ms)[0m  [1m[34mSELECT "tasks".* FROM "tasks"[0m
  ↳ app/controllers/tasks_controller.rb:8
Completed 200 OK in 21ms (Views: 11.6ms | ActiveRecord: 5.9ms)


Started PUT "/tasks/17" for ::1 at 2019-05-07 18:03:07 -0300
Processing by TasksController#update as JSON
  Parameters: {"task"=>{"done"=>true}, "id"=>"17"}
  [1m[36mTask Load (0.5ms)[0m  [1m[34mSELECT  "tasks".* FROM "tasks" WHERE "tasks"."id" = $1 LIMIT $2[0m  [["id", 17], ["LIMIT", 1]]
  ↳ app/controllers/tasks_controller.rb:44
  [1m[35m (0.4ms)[0m  [1m[35mBEGIN[0m
  ↳ app/controllers/tasks_controller.rb:29
  [1m[36mTask Update (0.6ms)[0m  [1m[33mUPDATE "tasks" SET "done" = $1, "updated_at" = $2 WHERE "tasks"."id" = $3[0m  [["done", true], ["updated_at", "2019-05-07 21:03:07.198560"], ["id", 17]]
  ↳ app/controllers/tasks_controller.rb:29
  [1m[35m (4.5ms)[0m  [1m[35mCOMMIT[0m
  ↳ app/controllers/tasks_controller.rb:29
Completed 200 OK in 18ms (Views: 0.5ms | ActiveRecord: 5.9ms)


Started GET "/tasks" for ::1 at 2019-05-07 18:03:07 -0300
Processing by TasksController#index as */*
  [1m[36mTask Load (0.6ms)[0m  [1m[34mSELECT "tasks".* FROM "tasks"[0m
  ↳ app/controllers/tasks_controller.rb:8
Completed 200 OK in 9ms (Views: 8.5ms | ActiveRecord: 0.6ms)


Started DELETE "/tasks/16" for ::1 at 2019-05-07 18:03:12 -0300
Processing by TasksController#destroy as */*
  Parameters: {"id"=>"16"}
  [1m[36mTask Load (0.5ms)[0m  [1m[34mSELECT  "tasks".* FROM "tasks" WHERE "tasks"."id" = $1 LIMIT $2[0m  [["id", 16], ["LIMIT", 1]]
  ↳ app/controllers/tasks_controller.rb:44
  [1m[35m (0.3ms)[0m  [1m[35mBEGIN[0m
  ↳ app/controllers/tasks_controller.rb:38
  [1m[36mTask Destroy (0.5ms)[0m  [1m[31mDELETE FROM "tasks" WHERE "tasks"."id" = $1[0m  [["id", 16]]
  ↳ app/controllers/tasks_controller.rb:38
  [1m[35m (4.6ms)[0m  [1m[35mCOMMIT[0m
  ↳ app/controllers/tasks_controller.rb:38
Completed 204 No Content in 12ms (ActiveRecord: 6.0ms)


Started GET "/tasks" for ::1 at 2019-05-07 18:03:15 -0300
Processing by TasksController#index as */*
  [1m[36mTask Load (0.6ms)[0m  [1m[34mSELECT "tasks".* FROM "tasks"[0m
  ↳ app/controllers/tasks_controller.rb:8
Completed 200 OK in 14ms (Views: 13.2ms | ActiveRecord: 0.6ms)


Started GET "/tasks" for ::1 at 2019-05-07 18:04:01 -0300
Processing by TasksController#index as */*
  [1m[36mTask Load (7.9ms)[0m  [1m[34mSELECT "tasks".* FROM "tasks"[0m
  ↳ app/controllers/tasks_controller.rb:8
Completed 200 OK in 16ms (Views: 8.1ms | ActiveRecord: 7.9ms)


Started DELETE "/tasks/15" for ::1 at 2019-05-07 18:04:03 -0300
Processing by TasksController#destroy as */*
  Parameters: {"id"=>"15"}
  [1m[36mTask Load (0.6ms)[0m  [1m[34mSELECT  "tasks".* FROM "tasks" WHERE "tasks"."id" = $1 LIMIT $2[0m  [["id", 15], ["LIMIT", 1]]
  ↳ app/controllers/tasks_controller.rb:44
  [1m[35m (0.4ms)[0m  [1m[35mBEGIN[0m
  ↳ app/controllers/tasks_controller.rb:38
  [1m[36mTask Destroy (0.6ms)[0m  [1m[31mDELETE FROM "tasks" WHERE "tasks"."id" = $1[0m  [["id", 15]]
  ↳ app/controllers/tasks_controller.rb:38
  [1m[35m (3.4ms)[0m  [1m[35mCOMMIT[0m
  ↳ app/controllers/tasks_controller.rb:38
Completed 204 No Content in 11ms (ActiveRecord: 5.1ms)


Started GET "/tasks" for ::1 at 2019-05-07 18:04:03 -0300
Processing by TasksController#index as */*
  [1m[36mTask Load (0.6ms)[0m  [1m[34mSELECT "tasks".* FROM "tasks"[0m
  ↳ app/controllers/tasks_controller.rb:8
Completed 200 OK in 4ms (Views: 3.2ms | ActiveRecord: 0.6ms)


